#
# A fatal error has been detected by the Java Runtime Environment:
#
#  EXCEPTION_ACCESS_VIOLATION (0xc0000005) at pc=0x000000006f7b583a, pid=8244, tid=1752
#
# JRE version: Java(TM) SE Runtime Environment (8.0_60-b27) (build 1.8.0_60-b27)
# Java VM: Java HotSpot(TM) 64-Bit Server VM (25.60-b23 mixed mode windows-amd64 compressed oops)
# Problematic frame:
# C  [glass.dll+0x2583a]
#
# Failed to write core dump. Minidumps are not enabled by default on client versions of Windows
#
# If you would like to submit a bug report, please visit:
#   http://bugreport.java.com/bugreport/crash.jsp
#

---------------  T H R E A D  ---------------

Current thread (0x0000000017186800):  VMThread [stack: 0x0000000018220000,0x0000000018320000] [id=1752]

siginfo: ExceptionCode=0xc0000005, reading address 0x0000000000000000

Registers:
RAX=0x0000000000000000, RBX=0x00000000011f7c80, RCX=0x0000000017186800, RDX=0x00000000011f7c80
RSP=0x000000001831f430, RBP=0x00000000009a7230, RSI=0x0000000000000001, RDI=0x0000000000000000
R8 =0x0000000000010002, R9 =0x00000000009a7230, R10=0x0000000000000000, R11=0x0000000000000286
R12=0x00000000009a7260, R13=0x00000000009a7230, R14=0x00000000009a7240, R15=0x0000000000000000
RIP=0x000000006f7b583a, EFLAGS=0x0000000000010206

Top of Stack: (sp=0x000000001831f430)
0x000000001831f430:   0000000000000000 000000006f7b58f0
0x000000001831f440:   0000000000000000 0000000000000000
0x000000001831f450:   000000006f7b5820 000000006f7b3214
0x000000001831f460:   000000006f7791a0 00000000d8276b48
0x000000001831f470:   00000000009a7230 00007ffbb4402d6b
0x000000001831f480:   000000006f7b3374 000000006f790000
0x000000001831f490:   0000000001101628 000000006f7b3496
0x000000001831f4a0:   0000000000000001 00000000011afe30
0x000000001831f4b0:   0000000000000000 0000000000000000
0x000000001831f4c0:   c000000500000001 000000001831e5c0
0x000000001831f4d0:   0000000000000001 00007ffbb73fc334
0x000000001831f4e0:   0000000000000000 000000006f7b3374
0x000000001831f4f0:   000000006f790000 00007ffbb73fd44f
0x000000001831f500:   000026ee34a23f83 00000000009b4150
0x000000001831f510:   00007ffbac2e1600 00007ffbb7510d10
0x000000001831f520:   00007ffbb7510d10 00007ff7f22ec000 

Instructions: (pc=0x000000006f7b583a)
0x000000006f7b581a:   83 c4 20 5d c3 cc 40 53 48 83 ec 20 48 8b 1d db
0x000000006f7b582a:   5b 01 00 48 85 db 74 1a e8 29 93 ff ff 48 8b d3
0x000000006f7b583a:   4c 8b 00 48 8b c8 48 83 c4 20 5b 49 ff a0 b0 00
0x000000006f7b584a:   00 00 48 83 c4 20 5b c3 cc cc cc cc cc cc cc cc 


Register to memory mapping:

RAX=0x0000000000000000 is an unknown value
RBX=0x00000000011f7c80 is a global jni handle
RCX=0x0000000017186800 is an unknown value
RDX=0x00000000011f7c80 is a global jni handle
RSP=0x000000001831f430 is an unknown value
RBP=0x00000000009a7230 is an unknown value
RSI=0x0000000000000001 is an unknown value
RDI=0x0000000000000000 is an unknown value
R8 =0x0000000000010002 is an unknown value
R9 =0x00000000009a7230 is an unknown value
R10=0x0000000000000000 is an unknown value
R11=0x0000000000000286 is an unknown value
R12=0x00000000009a7260 is an unknown value
R13=0x00000000009a7230 is an unknown value
R14=0x00000000009a7240 is an unknown value
R15=0x0000000000000000 is an unknown value


Stack: [0x0000000018220000,0x0000000018320000],  sp=0x000000001831f430,  free space=1021k
Native frames: (J=compiled Java code, j=interpreted, Vv=VM code, C=native code)
C  [glass.dll+0x2583a]
C  [glass.dll+0x23214]
C  [glass.dll+0x23496]
C  [ntdll.dll+0x1c334]
C  [ntdll.dll+0x1b742]
C  [ntdll.dll+0x18448]
C  [KERNEL32.DLL+0x516a]
C  [msvcr100.dll+0x20ccd]
V  [jvm.dll+0x210a25]
V  [jvm.dll+0x249747]
V  [jvm.dll+0x2489e6]
V  [jvm.dll+0x248e81]
V  [jvm.dll+0x24909e]
V  [jvm.dll+0x299f6a]
C  [msvcr100.dll+0x21d9f]
C  [msvcr100.dll+0x21e3b]
C  [KERNEL32.DLL+0x13d2]
C  [ntdll.dll+0x15454]

VM_Operation (0x000000001a77a160): Exit, mode: safepoint, requested by thread 0x0000000019134800


---------------  P R O C E S S  ---------------

Java Threads: ( => current thread )
  0x0000000018b30800 JavaThread "Glass/Prism Shutdown Hook" [_thread_blocked, id=1920, stack(0x0000000022a10000,0x0000000022b10000)]
  0x0000000019561800 JavaThread "Prism Font Disposer" daemon [_thread_blocked, id=7884, stack(0x0000000020dd0000,0x0000000020ed0000)]
  0x0000000019280800 JavaThread "Thread-3" daemon [_thread_in_native, id=9424, stack(0x000000001be10000,0x000000001bf10000)]
  0x00000000191bd800 JavaThread "JavaFX-Launcher" [_thread_blocked, id=5500, stack(0x000000001bf10000,0x000000001c010000)]
  0x0000000019134800 JavaThread "JavaFX Application Thread" [_thread_blocked, id=6824, stack(0x000000001a680000,0x000000001a780000)]
  0x0000000018f11000 JavaThread "Thread-1" daemon [_thread_blocked, id=5796, stack(0x000000001a580000,0x000000001a680000)]
  0x0000000018eeb000 JavaThread "QuantumRenderer-0" daemon [_thread_blocked, id=3220, stack(0x0000000019930000,0x0000000019a30000)]
  0x000000001721e800 JavaThread "Service Thread" daemon [_thread_blocked, id=6304, stack(0x0000000018f30000,0x0000000019030000)]
  0x00000000171c7000 JavaThread "C1 CompilerThread2" daemon [_thread_blocked, id=7588, stack(0x0000000018a30000,0x0000000018b30000)]
  0x00000000171c3800 JavaThread "C2 CompilerThread1" daemon [_thread_blocked, id=8180, stack(0x0000000018930000,0x0000000018a30000)]
  0x00000000171c0800 JavaThread "C2 CompilerThread0" daemon [_thread_blocked, id=4796, stack(0x0000000018830000,0x0000000018930000)]
  0x00000000171bc000 JavaThread "Attach Listener" daemon [_thread_blocked, id=9636, stack(0x0000000018730000,0x0000000018830000)]
  0x00000000171ba800 JavaThread "Signal Dispatcher" daemon [_thread_blocked, id=3796, stack(0x0000000018630000,0x0000000018730000)]
  0x0000000001207000 JavaThread "Finalizer" daemon [_thread_blocked, id=9648, stack(0x0000000018420000,0x0000000018520000)]
  0x0000000017188800 JavaThread "Reference Handler" daemon [_thread_blocked, id=3664, stack(0x0000000018320000,0x0000000018420000)]
  0x0000000001110800 JavaThread "main" [_thread_blocked, id=7532, stack(0x0000000000f70000,0x0000000001070000)]

Other Threads:
=>0x0000000017186800 VMThread [stack: 0x0000000018220000,0x0000000018320000] [id=1752]

VM state:at safepoint (shutting down)

VM Mutex/Monitor currently owned by a thread:  ([mutex/lock_event])
[0x000000000110c0f0] Threads_lock - owner thread: 0x0000000017186800

Heap:
 PSYoungGen      total 38400K, used 4267K [0x00000000d5f00000, 0x00000000d8980000, 0x0000000100000000)
  eden space 33280K, 12% used [0x00000000d5f00000,0x00000000d632acd8,0x00000000d7f80000)
  from space 5120K, 0% used [0x00000000d8480000,0x00000000d8480000,0x00000000d8980000)
  to   space 5120K, 0% used [0x00000000d7f80000,0x00000000d7f80000,0x00000000d8480000)
 ParOldGen       total 68096K, used 8741K [0x0000000081c00000, 0x0000000085e80000, 0x00000000d5f00000)
  object space 68096K, 12% used [0x0000000081c00000,0x0000000082489718,0x0000000085e80000)
 Metaspace       used 20072K, capacity 21636K, committed 21888K, reserved 1067008K
  class space    used 3034K, capacity 3359K, committed 3456K, reserved 1048576K

Card table byte_map: [0x00000000015d0000,0x00000000019d0000] byte_map_base: 0x00000000011c2000

Marking Bits: (ParMarkBitMap*) 0x0000000070d3a5b0
 Begin Bits: [0x0000000012500000, 0x0000000014490000)
 End Bits:   [0x0000000014490000, 0x0000000016420000)

Polling page: 0x0000000000cb0000

CodeCache: size=245760Kb used=7130Kb max_used=7130Kb free=238629Kb
 bounds [0x0000000003400000, 0x0000000003b00000, 0x0000000012400000]
 total_blobs=3056 nmethods=2378 adapters=589
 compilation: enabled

Compilation events (10 events):
Event: 11.046 Thread 0x00000000171c7000 2374       3       javafx.scene.Scene::getCamera (22 bytes)
Event: 11.046 Thread 0x00000000171c7000 nmethod 2374 0x0000000003af8710 code [0x0000000003af8880, 0x0000000003af8be8]
Event: 11.048 Thread 0x00000000171c7000 2375       3       java.util.concurrent.CopyOnWriteArrayList::size (6 bytes)
Event: 11.048 Thread 0x00000000171c7000 nmethod 2375 0x0000000003af8cd0 code [0x0000000003af8e20, 0x0000000003af9010]
Event: 11.052 Thread 0x00000000171c7000 2376       3       javafx.scene.Node::isFocusTraversable (19 bytes)
Event: 11.052 Thread 0x00000000171c7000 nmethod 2376 0x0000000003af90d0 code [0x0000000003af9240, 0x0000000003af95e8]
Event: 11.052 Thread 0x00000000171c7000 2378       3       javafx.beans.property.ReadOnlyObjectWrapper::fireValueChangedEvent (15 bytes)
Event: 11.052 Thread 0x00000000171c7000 nmethod 2378 0x0000000003af9710 code [0x0000000003af98a0, 0x0000000003af9c08]
Event: 11.052 Thread 0x00000000171c7000 2377       3       javafx.scene.Node::setScenes (75 bytes)
Event: 11.053 Thread 0x00000000171c7000 nmethod 2377 0x0000000003af9d90 code [0x0000000003af9fc0, 0x0000000003afae68]

GC Heap History (6 events):
Event: 0.835 GC heap before
{Heap before GC invocations=1 (full 0):
 PSYoungGen      total 38400K, used 33280K [0x00000000d5f00000, 0x00000000d8980000, 0x0000000100000000)
  eden space 33280K, 100% used [0x00000000d5f00000,0x00000000d7f80000,0x00000000d7f80000)
  from space 5120K, 0% used [0x00000000d8480000,0x00000000d8480000,0x00000000d8980000)
  to   space 5120K, 0% used [0x00000000d7f80000,0x00000000d7f80000,0x00000000d8480000)
 ParOldGen       total 87552K, used 0K [0x0000000081c00000, 0x0000000087180000, 0x00000000d5f00000)
  object space 87552K, 0% used [0x0000000081c00000,0x0000000081c00000,0x0000000087180000)
 Metaspace       used 14743K, capacity 15460K, committed 15744K, reserved 1062912K
  class space    used 2143K, capacity 2355K, committed 2432K, reserved 1048576K
Event: 0.841 GC heap after
Heap after GC invocations=1 (full 0):
 PSYoungGen      total 38400K, used 4817K [0x00000000d5f00000, 0x00000000d8980000, 0x0000000100000000)
  eden space 33280K, 0% used [0x00000000d5f00000,0x00000000d5f00000,0x00000000d7f80000)
  from space 5120K, 94% used [0x00000000d7f80000,0x00000000d84347b0,0x00000000d8480000)
  to   space 5120K, 0% used [0x00000000d8480000,0x00000000d8480000,0x00000000d8980000)
 ParOldGen       total 87552K, used 80K [0x0000000081c00000, 0x0000000087180000, 0x00000000d5f00000)
  object space 87552K, 0% used [0x0000000081c00000,0x0000000081c14010,0x0000000087180000)
 Metaspace       used 14743K, capacity 15460K, committed 15744K, reserved 1062912K
  class space    used 2143K, capacity 2355K, committed 2432K, reserved 1048576K
}
Event: 3.791 GC heap before
{Heap before GC invocations=2 (full 0):
 PSYoungGen      total 38400K, used 22361K [0x00000000d5f00000, 0x00000000d8980000, 0x0000000100000000)
  eden space 33280K, 52% used [0x00000000d5f00000,0x00000000d7021e28,0x00000000d7f80000)
  from space 5120K, 94% used [0x00000000d7f80000,0x00000000d84347b0,0x00000000d8480000)
  to   space 5120K, 0% used [0x00000000d8480000,0x00000000d8480000,0x00000000d8980000)
 ParOldGen       total 87552K, used 80K [0x0000000081c00000, 0x0000000087180000, 0x00000000d5f00000)
  object space 87552K, 0% used [0x0000000081c00000,0x0000000081c14010,0x0000000087180000)
 Metaspace       used 19694K, capacity 21148K, committed 21248K, reserved 1067008K
  class space    used 2984K, capacity 3277K, committed 3328K, reserved 1048576K
Event: 3.800 GC heap after
Heap after GC invocations=2 (full 0):
 PSYoungGen      total 38400K, used 5088K [0x00000000d5f00000, 0x00000000d8980000, 0x0000000100000000)
  eden space 33280K, 0% used [0x00000000d5f00000,0x00000000d5f00000,0x00000000d7f80000)
  from space 5120K, 99% used [0x00000000d8480000,0x00000000d8978040,0x00000000d8980000)
  to   space 5120K, 0% used [0x00000000d7f80000,0x00000000d7f80000,0x00000000d8480000)
 ParOldGen       total 87552K, used 4649K [0x0000000081c00000, 0x0000000087180000, 0x00000000d5f00000)
  object space 87552K, 5% used [0x0000000081c00000,0x000000008208a7c8,0x0000000087180000)
 Metaspace       used 19694K, capacity 21148K, committed 21248K, reserved 1067008K
  class space    used 2984K, capacity 3277K, committed 3328K, reserved 1048576K
}
Event: 3.800 GC heap before
{Heap before GC invocations=3 (full 1):
 PSYoungGen      total 38400K, used 5088K [0x00000000d5f00000, 0x00000000d8980000, 0x0000000100000000)
  eden space 33280K, 0% used [0x00000000d5f00000,0x00000000d5f00000,0x00000000d7f80000)
  from space 5120K, 99% used [0x00000000d8480000,0x00000000d8978040,0x00000000d8980000)
  to   space 5120K, 0% used [0x00000000d7f80000,0x00000000d7f80000,0x00000000d8480000)
 ParOldGen       total 87552K, used 4649K [0x0000000081c00000, 0x0000000087180000, 0x00000000d5f00000)
  object space 87552K, 5% used [0x0000000081c00000,0x000000008208a7c8,0x0000000087180000)
 Metaspace       used 19694K, capacity 21148K, committed 21248K, reserved 1067008K
  class space    used 2984K, capacity 3277K, committed 3328K, reserved 1048576K
Event: 3.827 GC heap after
Heap after GC invocations=3 (full 1):
 PSYoungGen      total 38400K, used 0K [0x00000000d5f00000, 0x00000000d8980000, 0x0000000100000000)
  eden space 33280K, 0% used [0x00000000d5f00000,0x00000000d5f00000,0x00000000d7f80000)
  from space 5120K, 0% used [0x00000000d8480000,0x00000000d8480000,0x00000000d8980000)
  to   space 5120K, 0% used [0x00000000d7f80000,0x00000000d7f80000,0x00000000d8480000)
 ParOldGen       total 68096K, used 8741K [0x0000000081c00000, 0x0000000085e80000, 0x00000000d5f00000)
  object space 68096K, 12% used [0x0000000081c00000,0x0000000082489718,0x0000000085e80000)
 Metaspace       used 19694K, capacity 21148K, committed 21248K, reserved 1067008K
  class space    used 2984K, capacity 3277K, committed 3328K, reserved 1048576K
}

Deoptimization events (10 events):
Event: 2.221 Thread 0x0000000019134800 Uncommon trap: reason=unstable_if action=reinterpret pc=0x00000000036df5e8 method=jdk.internal.org.objectweb.asm.Type.getArgumentsAndReturnSizes(Ljava/lang/String;)I @ 47
Event: 3.689 Thread 0x00000000198e3800 Uncommon trap: reason=unstable_if action=reinterpret pc=0x00000000039fbe68 method=java.util.concurrent.ConcurrentHashMap.putVal(Ljava/lang/Object;Ljava/lang/Object;Z)Ljava/lang/Object; @ 181
Event: 3.722 Thread 0x0000000019134800 Uncommon trap: reason=unstable_if action=reinterpret pc=0x0000000003859a60 method=com.sun.javafx.css.BitSet.add(Ljava/lang/Object;)Z @ 91
Event: 3.742 Thread 0x0000000019134800 Uncommon trap: reason=unstable_if action=reinterpret pc=0x0000000003840c54 method=java.io.ByteArrayInputStream.read()I @ 8
Event: 3.742 Thread 0x0000000019134800 Uncommon trap: reason=class_check action=maybe_recompile pc=0x0000000003872670 method=java.io.FilterInputStream.read()I @ 4
Event: 3.742 Thread 0x0000000019134800 Uncommon trap: reason=class_check action=maybe_recompile pc=0x0000000003872670 method=java.io.FilterInputStream.read()I @ 4
Event: 3.742 Thread 0x0000000019134800 Uncommon trap: reason=class_check action=maybe_recompile pc=0x0000000003872670 method=java.io.FilterInputStream.read()I @ 4
Event: 3.742 Thread 0x0000000019134800 Uncommon trap: reason=class_check action=maybe_recompile pc=0x0000000003872670 method=java.io.FilterInputStream.read()I @ 4
Event: 3.751 Thread 0x0000000019134800 Uncommon trap: reason=unstable_if action=reinterpret pc=0x00000000039a0490 method=javafx.scene.CssStyleHelper.lookup(Ljavafx/css/Styleable;Ljavafx/css/CssMetaData;Lcom/sun/javafx/css/StyleMap;Ljava/util/Set;Ljavafx/css/Styleable;Lcom/sun/javafx/css/Calculaµ&8Q|(@
Event: 3.895 Thread 0x0000000019134800 Uncommon trap: reason=unstable_if action=reinterpret pc=0x0000000003827fe4 method=jdk.internal.org.objectweb.asm.Item.isEqualTo(Ljdk/internal/org/objectweb/asm/Item;)Z @ 331

Internal exceptions (10 events):
Event: 0.594 Thread 0x0000000019134800 Exception <a 'java/lang/ArrayIndexOutOfBoundsException'> (0x00000000d76c1648) thrown at [C:\re\workspace\8-2-build-windows-amd64-cygwin\jdk8u60\4407\hotspot\src\share\vm\runtime\sharedRuntime.cpp, line 605]
Event: 0.595 Thread 0x0000000019134800 Exception <a 'java/lang/ArrayIndexOutOfBoundsException'> (0x00000000d76c2658) thrown at [C:\re\workspace\8-2-build-windows-amd64-cygwin\jdk8u60\4407\hotspot\src\share\vm\runtime\sharedRuntime.cpp, line 605]
Event: 0.595 Thread 0x0000000019134800 Exception <a 'java/lang/ArrayIndexOutOfBoundsException'> (0x00000000d76c4370) thrown at [C:\re\workspace\8-2-build-windows-amd64-cygwin\jdk8u60\4407\hotspot\src\share\vm\runtime\sharedRuntime.cpp, line 605]
Event: 0.623 Thread 0x0000000019134800 Implicit null exception at 0x00000000036ec875 to 0x00000000036eca85
Event: 0.642 Thread 0x0000000019134800 Exception <a 'java/lang/ArrayIndexOutOfBoundsException'> (0x00000000d7882178) thrown at [C:\re\workspace\8-2-build-windows-amd64-cygwin\jdk8u60\4407\hotspot\src\share\vm\runtime\sharedRuntime.cpp, line 605]
Event: 0.644 Thread 0x0000000019134800 Exception <a 'java/lang/ArrayIndexOutOfBoundsException'> (0x00000000d788d788) thrown at [C:\re\workspace\8-2-build-windows-amd64-cygwin\jdk8u60\4407\hotspot\src\share\vm\runtime\sharedRuntime.cpp, line 605]
Event: 0.689 Thread 0x0000000019134800 Exception <a 'java/io/FileNotFoundException'> (0x00000000d7a023f8) thrown at [C:\re\workspace\8-2-build-windows-amd64-cygwin\jdk8u60\4407\hotspot\src\share\vm\prims\jni.cpp, line 709]
Event: 2.181 Thread 0x0000000019134800 Implicit null exception at 0x000000000388bb5a to 0x000000000388c359
Event: 3.695 Thread 0x00000000198e3800 Exception <a 'java/lang/NoSuchMethodError': <clinit>> (0x00000000d6c9e9c8) thrown at [C:\re\workspace\8-2-build-windows-amd64-cygwin\jdk8u60\4407\hotspot\src\share\vm\prims\jni.cpp, line 1591]
Event: 11.054 Thread 0x0000000018b30800 Exception <a 'java/lang/IllegalStateException'> (0x00000000d630fc38) thrown at [C:\re\workspace\8-2-build-windows-amd64-cygwin\jdk8u60\4407\hotspot\src\share\vm\prims\jvm.cpp, line 1390]

Events (10 events):
Event: 11.052 loading class java/util/IdentityHashMap$KeyIterator
Event: 11.052 loading class java/util/IdentityHashMap$IdentityHashMapIterator
Event: 11.052 loading class java/util/IdentityHashMap$IdentityHashMapIterator done
Event: 11.052 loading class java/util/IdentityHashMap$KeyIterator done
Event: 11.053 Thread 0x0000000018b30800 Thread added: 0x0000000018b30800
Event: 11.053 loading class com/sun/javafx/tk/quantum/QuantumRenderer
Event: 11.053 loading class com/sun/javafx/tk/quantum/QuantumRenderer done
Event: 11.054 loading class com/sun/javafx/tk/quantum/QuantumToolkit
Event: 11.054 loading class com/sun/javafx/tk/quantum/QuantumToolkit done
Event: 11.054 Executing VM operation: Exit


Dynamic libraries:
0x00007ff7f32d0000 - 0x00007ff7f3307000 	C:\Program Files\Java\jdk1.8.0\bin\javaw.exe
0x00007ffbb73e0000 - 0x00007ffbb758c000 	C:\WINDOWS\SYSTEM32\ntdll.dll
0x00007ffbb67f0000 - 0x00007ffbb692e000 	C:\WINDOWS\system32\KERNEL32.DLL
0x00007ffbb47e0000 - 0x00007ffbb48f5000 	C:\WINDOWS\system32\KERNELBASE.dll
0x00007ffbb2930000 - 0x00007ffbb29be000 	C:\WINDOWS\system32\apphelp.dll
0x00007ffba5740000 - 0x00007ffba5793000 	C:\WINDOWS\AppPatch\AppPatch64\AcGenral.DLL
0x00007ffbb6fa0000 - 0x00007ffbb704a000 	C:\WINDOWS\system32\msvcrt.dll
0x00007ffbb43d0000 - 0x00007ffbb43fe000 	C:\WINDOWS\SYSTEM32\SspiCli.dll
0x00007ffbb6f30000 - 0x00007ffbb6f84000 	C:\WINDOWS\system32\SHLWAPI.dll
0x00007ffbb65b0000 - 0x00007ffbb6727000 	C:\WINDOWS\system32\USER32.dll
0x00007ffbb6bd0000 - 0x00007ffbb6d64000 	C:\WINDOWS\system32\ole32.dll
0x00007ffbb4ce0000 - 0x00007ffbb620b000 	C:\WINDOWS\system32\SHELL32.dll
0x00007ffbb3b50000 - 0x00007ffbb3b71000 	C:\WINDOWS\SYSTEM32\USERENV.dll
0x00007ffbb6370000 - 0x00007ffbb641a000 	C:\WINDOWS\system32\ADVAPI32.dll
0x00007ffba2b40000 - 0x00007ffba2b5e000 	C:\WINDOWS\SYSTEM32\MPR.dll
0x00007ffbb6460000 - 0x00007ffbb65a1000 	C:\WINDOWS\system32\RPCRT4.dll
0x00007ffbb6790000 - 0x00007ffbb67e9000 	C:\WINDOWS\SYSTEM32\sechost.dll
0x00007ffbb6930000 - 0x00007ffbb6b41000 	C:\WINDOWS\SYSTEM32\combase.dll
0x00007ffbb6de0000 - 0x00007ffbb6f2f000 	C:\WINDOWS\system32\GDI32.dll
0x00007ffbb4530000 - 0x00007ffbb4545000 	C:\WINDOWS\SYSTEM32\profapi.dll
0x00007ffbb1f20000 - 0x00007ffbb1fd2000 	C:\WINDOWS\SYSTEM32\SHCORE.dll
0x00007ffbb6420000 - 0x00007ffbb6456000 	C:\WINDOWS\system32\IMM32.DLL
0x00007ffbb6210000 - 0x00007ffbb6362000 	C:\WINDOWS\system32\MSCTF.dll
0x00007ffbb0aa0000 - 0x00007ffbb0d1b000 	C:\WINDOWS\WinSxS\amd64_microsoft.windows.common-controls_6595b64144ccf1df_6.0.9600.18006_none_623f33d3ecbe86e8\COMCTL32.dll
0x0000000070dc0000 - 0x0000000070e92000 	C:\Program Files\Java\jdk1.8.0\jre\bin\msvcr100.dll
0x0000000070530000 - 0x0000000070db9000 	C:\Program Files\Java\jdk1.8.0\jre\bin\server\jvm.dll
0x00007ffba6c50000 - 0x00007ffba6c59000 	C:\WINDOWS\SYSTEM32\WSOCK32.dll
0x00007ffbacf80000 - 0x00007ffbacfa2000 	C:\WINDOWS\SYSTEM32\WINMM.dll
0x00007ffbaf6f0000 - 0x00007ffbaf6fa000 	C:\WINDOWS\SYSTEM32\VERSION.dll
0x00007ffbb6b60000 - 0x00007ffbb6b67000 	C:\WINDOWS\system32\PSAPI.DLL
0x00007ffbb6b70000 - 0x00007ffbb6bca000 	C:\WINDOWS\system32\WS2_32.dll
0x00007ffbacf50000 - 0x00007ffbacf7a000 	C:\WINDOWS\SYSTEM32\WINMMBASE.dll
0x00007ffbb4cd0000 - 0x00007ffbb4cd9000 	C:\WINDOWS\system32\NSI.dll
0x00007ffbb49b0000 - 0x00007ffbb49ff000 	C:\WINDOWS\SYSTEM32\cfgmgr32.dll
0x00007ffbb3320000 - 0x00007ffbb3348000 	C:\WINDOWS\SYSTEM32\DEVOBJ.dll
0x0000000070520000 - 0x000000007052f000 	C:\Program Files\Java\jdk1.8.0\jre\bin\verify.dll
0x00000000704f0000 - 0x0000000070519000 	C:\Program Files\Java\jdk1.8.0\jre\bin\java.dll
0x00000000704d0000 - 0x00000000704e6000 	C:\Program Files\Java\jdk1.8.0\jre\bin\zip.dll
0x00007ffba36a0000 - 0x00007ffba378f000 	C:\Program Files\Java\jdk1.8.0\jre\bin\msvcr120.dll
0x00007ffba34f0000 - 0x00007ffba3596000 	C:\Program Files\Java\jdk1.8.0\jre\bin\msvcp120.dll
0x000000006f7e0000 - 0x000000006f803000 	C:\Program Files\Java\jdk1.8.0\jre\bin\prism_d3d.dll
0x00007ffb912b0000 - 0x00007ffb914d1000 	C:\WINDOWS\system32\d3d9.dll
0x00007ffbb1d20000 - 0x00007ffbb1d41000 	C:\WINDOWS\SYSTEM32\dwmapi.dll
0x00007ffbb31a0000 - 0x00007ffbb32c9000 	C:\WINDOWS\system32\uxtheme.dll
0x000000006f790000 - 0x000000006f7d3000 	C:\Program Files\Java\jdk1.8.0\jre\bin\glass.dll
0x00007ffbb4a60000 - 0x00007ffbb4b16000 	C:\WINDOWS\system32\COMDLG32.dll
0x00007ffbb7050000 - 0x00007ffbb7111000 	C:\WINDOWS\system32\OLEAUT32.dll
0x00007ffbac2e0000 - 0x00007ffbac38b000 	C:\Program Files\Common Files\microsoft shared\ink\tiptsf.dll
0x00007ffbb3390000 - 0x00007ffbb339b000 	C:\WINDOWS\SYSTEM32\kernel.appcore.dll
0x00007ffbb4470000 - 0x00007ffbb447b000 	C:\WINDOWS\SYSTEM32\CRYPTBASE.dll
0x00007ffbb4400000 - 0x00007ffbb4463000 	C:\WINDOWS\SYSTEM32\bcryptPrimitives.dll
0x000000006f770000 - 0x000000006f784000 	C:\Program Files\Java\jdk1.8.0\jre\bin\javafx_font.dll
0x00007ffbb0150000 - 0x00007ffbb033c000 	C:\WINDOWS\SYSTEM32\dwrite.dll
0x00007ffbb7120000 - 0x00007ffbb71d6000 	C:\WINDOWS\SYSTEM32\clbcatq.dll
0x00007ffbb2fc0000 - 0x00007ffbb316e000 	C:\WINDOWS\SYSTEM32\WindowsCodecs.dll
0x00007ffbb3e30000 - 0x00007ffbb3e50000 	C:\WINDOWS\SYSTEM32\CRYPTSP.dll
0x00007ffbb3a40000 - 0x00007ffbb3a76000 	C:\WINDOWS\system32\rsaenh.dll
0x00007ffbb40c0000 - 0x00007ffbb40e6000 	C:\WINDOWS\SYSTEM32\bcrypt.dll
0x00007ffba44a0000 - 0x00007ffba44ce000 	C:\Program Files\Common Files\Microsoft Shared\Ink\rtscom.dll
0x00007ffbb00e0000 - 0x00007ffbb014a000 	C:\WINDOWS\SYSTEM32\oleacc.dll
0x000000006f750000 - 0x000000006f761000 	C:\Program Files\Java\jdk1.8.0\jre\bin\prism_common.dll
0x00000000704b0000 - 0x00000000704ca000 	C:\Program Files\Java\jdk1.8.0\jre\bin\net.dll
0x00007ffbb3dd0000 - 0x00007ffbb3e29000 	C:\WINDOWS\system32\mswsock.dll
0x0000000070490000 - 0x00000000704a1000 	C:\Program Files\Java\jdk1.8.0\jre\bin\nio.dll
0x00007ffb908a0000 - 0x00007ffb90a29000 	C:\WINDOWS\SYSTEM32\dbghelp.dll

VM Arguments:
jvm_args: -Dfile.encoding=UTF-8 
java_command: ch.theband.benno.probeplaner.App
java_class_path (initial): C:\Users\benno.bennoCompi\workspace\probeplaner\target\classes;C:\Users\benno.bennoCompi\.m2\repository\com\airhacks\afterburner.fx\1.6.0\afterburner.fx-1.6.0.jar;C:\Users\benno.bennoCompi\.m2\repository\com\h2database\h2\1.4.190\h2-1.4.190.jar;C:\Users\benno.bennoCompi\.m2\repository\com\google\guava\guava\18.0\guava-18.0.jar;C:\Users\benno.bennoCompi\.m2\repository\org\apache\pdfbox\pdfbox\1.8.10\pdfbox-1.8.10.jar;C:\Users\benno.bennoCompi\.m2\repository\org\apache\pdfbox\fontbox\1.8.10\fontbox-1.8.10.jar;C:\Users\benno.bennoCompi\.m2\repository\org\apache\pdfbox\jempbox\1.8.10\jempbox-1.8.10.jar;C:\Users\benno.bennoCompi\.m2\repository\commons-logging\commons-logging\1.1.1\commons-logging-1.1.1.jar
Launcher Type: SUN_STANDARD

Environment Variables:
PATH=C:\ProgramData\Oracle\Java\javapath;C:\Program Files (x86)\Intel\iCLS Client\;C:\Program Files\Intel\iCLS Client\;C:\WINDOWS\system32;C:\WINDOWS;C:\WINDOWS\System32\Wbem;C:\WINDOWS\System32\WindowsPowerShell\v1.0\;C:\Program Files (x86)\Windows Live\Shared;C:\Program Files\Intel\Intel(R) Management Engine Components\DAL;C:\Program Files\Intel\Intel(R) Management Engine Components\IPT;C:\Program Files (x86)\Intel\Intel(R) Management Engine Components\DAL;C:\Program Files (x86)\Intel\Intel(R) Management Engine Components\IPT;C:\Program Files (x86)\Skype\Phone\;C:\Program Files\Intel\WiFi\bin\;C:\Program Files\Common Files\Intel\WirelessCommon\;C:\Program Files\Boot2Docker for Windows;C:\Program Files\Intel\WiFi\bin\;C:\Program Files\Common Files\Intel\WirelessCommon\
USERNAME=benno
OS=Windows_NT
PROCESSOR_IDENTIFIER=Intel64 Family 6 Model 69 Stepping 1, GenuineIntel



---------------  S Y S T E M  ---------------

OS: Windows 8.1 , 64 bit Build 9600 (6.3.9600.17415)

CPU:total 4 (2 cores per cpu, 2 threads per core) family 6 model 69 stepping 1, cmov, cx8, fxsr, mmx, sse, sse2, sse3, ssse3, sse4.1, sse4.2, popcnt, avx, avx2, aes, clmul, erms, lzcnt, ht, tsc, tscinvbit, bmi1, bmi2

Memory: 4k page, physical 8268976k(2720256k free), swap 11279992k(3859200k free)

vm_info: Java HotSpot(TM) 64-Bit Server VM (25.60-b23) for windows-amd64 JRE (1.8.0_60-b27), built on Aug  4 2015 11:06:27 by "java_re" with MS VC++ 10.0 (VS2010)

time: Fri Oct 23 14:48:49 2015
elapsed time: 11 seconds (0d 0h 0m 11s)

