#
# A fatal error has been detected by the Java Runtime Environment:
#
#  EXCEPTION_ACCESS_VIOLATION (0xc0000005) at pc=0x000000007040583a, pid=7544, tid=11036
#
# JRE version: Java(TM) SE Runtime Environment (8.0_60-b27) (build 1.8.0_60-b27)
# Java VM: Java HotSpot(TM) 64-Bit Server VM (25.60-b23 mixed mode windows-amd64 compressed oops)
# Problematic frame:
# C  [glass.dll+0x2583a]
#
# Failed to write core dump. Minidumps are not enabled by default on client versions of Windows
#
# If you would like to submit a bug report, please visit:
#   http://bugreport.java.com/bugreport/crash.jsp
#

---------------  T H R E A D  ---------------

Current thread (0x0000000017186800):  VMThread [stack: 0x0000000018210000,0x0000000018310000] [id=11036]

siginfo: ExceptionCode=0xc0000005, reading address 0x0000000000000000

Registers:
RAX=0x0000000000000000, RBX=0x0000000018f1ca68, RCX=0x0000000017186800, RDX=0x0000000018f1ca68
RSP=0x000000001830f030, RBP=0x00000000009c6680, RSI=0x0000000000000001, RDI=0x0000000000000000
R8 =0x0000000000010002, R9 =0x00000000009c6680, R10=0x0000000000000000, R11=0x0000000000000286
R12=0x00000000009c66b0, R13=0x00000000009c6680, R14=0x00000000009c6690, R15=0x0000000000000000
RIP=0x000000007040583a, EFLAGS=0x0000000000010206

Top of Stack: (sp=0x000000001830f030)
0x000000001830f030:   0000000000000000 00000000704058f0
0x000000001830f040:   0000000000000000 0000000000000000
0x000000001830f050:   0000000070405820 0000000070403214
0x000000001830f060:   00000000703c91a0 00000000c2cdf21c
0x000000001830f070:   00000000009c6680 00007ffbb4402d6b
0x000000001830f080:   0000000070403374 00000000703e0000
0x000000001830f090:   0000000000f21628 0000000070403496
0x000000001830f0a0:   0000000000000001 000000000110fe60
0x000000001830f0b0:   0000000000000000 0000000000000000
0x000000001830f0c0:   c000000500000001 000000001830e1c0
0x000000001830f0d0:   0000000000000001 00007ffbb73fc334
0x000000001830f0e0:   0000000000000000 0000000070403374
0x000000001830f0f0:   00000000703e0000 0000000000000000
0x000000001830f100:   00001094fdeb2d88 00000000009d4150
0x000000001830f110:   00007ffbac4f1600 00007ffbb7510d10
0x000000001830f120:   00007ffbb7510d10 00007ff6fee1c000 

Instructions: (pc=0x000000007040583a)
0x000000007040581a:   83 c4 20 5d c3 cc 40 53 48 83 ec 20 48 8b 1d db
0x000000007040582a:   5b 01 00 48 85 db 74 1a e8 29 93 ff ff 48 8b d3
0x000000007040583a:   4c 8b 00 48 8b c8 48 83 c4 20 5b 49 ff a0 b0 00
0x000000007040584a:   00 00 48 83 c4 20 5b c3 cc cc cc cc cc cc cc cc 


Register to memory mapping:

RAX=0x0000000000000000 is an unknown value
RBX=0x0000000018f1ca68 is a global jni handle
RCX=0x0000000017186800 is an unknown value
RDX=0x0000000018f1ca68 is a global jni handle
RSP=0x000000001830f030 is an unknown value
RBP=0x00000000009c6680 is an unknown value
RSI=0x0000000000000001 is an unknown value
RDI=0x0000000000000000 is an unknown value
R8 =0x0000000000010002 is an unknown value
R9 =0x00000000009c6680 is an unknown value
R10=0x0000000000000000 is an unknown value
R11=0x0000000000000286 is an unknown value
R12=0x00000000009c66b0 is an unknown value
R13=0x00000000009c6680 is an unknown value
R14=0x00000000009c6690 is an unknown value
R15=0x0000000000000000 is an unknown value


Stack: [0x0000000018210000,0x0000000018310000],  sp=0x000000001830f030,  free space=1020k
Native frames: (J=compiled Java code, j=interpreted, Vv=VM code, C=native code)
C  [glass.dll+0x2583a]
C  [glass.dll+0x23214]
C  [glass.dll+0x23496]
C  [ntdll.dll+0x1c334]
C  [ntdll.dll+0x1b742]
C  [ntdll.dll+0x18448]
C  [KERNEL32.DLL+0x516a]
C  [msvcr100.dll+0x20ccd]
V  [jvm.dll+0x210a25]
V  [jvm.dll+0x249747]
V  [jvm.dll+0x2489e6]
V  [jvm.dll+0x248e81]
V  [jvm.dll+0x24909e]
V  [jvm.dll+0x299f6a]
C  [msvcr100.dll+0x21d9f]
C  [msvcr100.dll+0x21e3b]
C  [KERNEL32.DLL+0x13d2]
C  [ntdll.dll+0x15454]

VM_Operation (0x0000000019f0ac00): Exit, mode: safepoint, requested by thread 0x0000000018ef0000


---------------  P R O C E S S  ---------------

Java Threads: ( => current thread )
  0x0000000019366800 JavaThread "Prism Font Disposer" daemon [_thread_blocked, id=7736, stack(0x00000000204c0000,0x00000000205c0000)]
  0x000000001918f000 JavaThread "Thread-3" daemon [_thread_in_native, id=2756, stack(0x000000001b5a0000,0x000000001b6a0000)]
  0x0000000019199000 JavaThread "JavaFX-Launcher" [_thread_blocked, id=6648, stack(0x000000001b6a0000,0x000000001b7a0000)]
  0x0000000018ef0000 JavaThread "JavaFX Application Thread" [_thread_blocked, id=3152, stack(0x0000000019e10000,0x0000000019f10000)]
  0x0000000019128000 JavaThread "Thread-1" daemon [_thread_blocked, id=5364, stack(0x0000000019d10000,0x0000000019e10000)]
  0x0000000018e98800 JavaThread "QuantumRenderer-0" daemon [_thread_blocked, id=8380, stack(0x0000000019920000,0x0000000019a20000)]
  0x0000000018b5a000 JavaThread "Service Thread" daemon [_thread_blocked, id=10384, stack(0x0000000018f20000,0x0000000019020000)]
  0x00000000171c8000 JavaThread "C1 CompilerThread2" daemon [_thread_blocked, id=5792, stack(0x0000000018a20000,0x0000000018b20000)]
  0x00000000171c4800 JavaThread "C2 CompilerThread1" daemon [_thread_blocked, id=9848, stack(0x0000000018920000,0x0000000018a20000)]
  0x00000000171be800 JavaThread "C2 CompilerThread0" daemon [_thread_blocked, id=1160, stack(0x0000000018820000,0x0000000018920000)]
  0x00000000171bd000 JavaThread "Attach Listener" daemon [_thread_blocked, id=11228, stack(0x0000000018720000,0x0000000018820000)]
  0x00000000171bb800 JavaThread "Signal Dispatcher" daemon [_thread_blocked, id=3188, stack(0x0000000018620000,0x0000000018720000)]
  0x0000000001166800 JavaThread "Finalizer" daemon [_thread_blocked, id=3144, stack(0x0000000018410000,0x0000000018510000)]
  0x0000000017188800 JavaThread "Reference Handler" daemon [_thread_blocked, id=2064, stack(0x0000000018310000,0x0000000018410000)]
  0x0000000001070800 JavaThread "main" [_thread_blocked, id=9096, stack(0x0000000000f70000,0x0000000001070000)]

Other Threads:
=>0x0000000017186800 VMThread [stack: 0x0000000018210000,0x0000000018310000] [id=11036]

VM state:at safepoint (shutting down)

VM Mutex/Monitor currently owned by a thread:  ([mutex/lock_event])
[0x0000000000f2cc70] Threads_lock - owner thread: 0x0000000017186800

Heap:
 PSYoungGen      total 38400K, used 32621K [0x00000000d5f00000, 0x00000000d8980000, 0x0000000100000000)
  eden space 33280K, 98% used [0x00000000d5f00000,0x00000000d7edb6d0,0x00000000d7f80000)
  from space 5120K, 0% used [0x00000000d8480000,0x00000000d8480000,0x00000000d8980000)
  to   space 5120K, 0% used [0x00000000d7f80000,0x00000000d7f80000,0x00000000d8480000)
 ParOldGen       total 52224K, used 11209K [0x0000000081c00000, 0x0000000084f00000, 0x00000000d5f00000)
  object space 52224K, 21% used [0x0000000081c00000,0x00000000826f24f8,0x0000000084f00000)
 Metaspace       used 22144K, capacity 23906K, committed 24064K, reserved 1069056K
  class space    used 3211K, capacity 3542K, committed 3584K, reserved 1048576K

Card table byte_map: [0x0000000001530000,0x0000000001930000] byte_map_base: 0x0000000001122000

Marking Bits: (ParMarkBitMap*) 0x0000000070d3a5b0
 Begin Bits: [0x0000000012500000, 0x0000000014490000)
 End Bits:   [0x0000000014490000, 0x0000000016420000)

Polling page: 0x0000000000ea0000

CodeCache: size=245760Kb used=13415Kb max_used=13422Kb free=232344Kb
 bounds [0x0000000003400000, 0x0000000004130000, 0x0000000012400000]
 total_blobs=4651 nmethods=3962 adapters=599
 compilation: enabled

Compilation events (10 events):
Event: 35.658 Thread 0x00000000171c8000 4041       3       com.sun.javafx.tk.quantum.GlassViewEventHandler::mouseEventButton (44 bytes)
Event: 35.659 Thread 0x00000000171c8000 nmethod 4041 0x0000000004107290 code [0x0000000004107400, 0x00000000041075b0]
Event: 35.659 Thread 0x00000000171c8000 4042       3       javafx.scene.Scene$ScenePeerListener::mouseEvent (50 bytes)
Event: 35.659 Thread 0x00000000171c8000 nmethod 4042 0x0000000004106990 code [0x0000000004106b20, 0x0000000004106f58]
Event: 35.914 Thread 0x00000000171c8000 4043       3       javafx.scene.paint.Color::color (14 bytes)
Event: 35.914 Thread 0x00000000171c8000 nmethod 4043 0x00000000041057d0 code [0x0000000004105940, 0x0000000004105b08]
Event: 35.915 Thread 0x00000000171c8000 4044       3       com.sun.javafx.geom.Path2D$Iterator::isDone (20 bytes)
Event: 35.915 Thread 0x00000000171c8000 nmethod 4044 0x0000000004105410 code [0x0000000004105560, 0x0000000004105730]
Event: 35.987 Thread 0x00000000171c8000 4045       1       com.sun.javafx.scene.SceneEventDispatcher::getLastDispatcher (5 bytes)
Event: 35.988 Thread 0x00000000171c8000 nmethod 4045 0x0000000004106690 code [0x00000000041067e0, 0x00000000041068f0]

GC Heap History (6 events):
Event: 0.754 GC heap before
{Heap before GC invocations=1 (full 0):
 PSYoungGen      total 38400K, used 33280K [0x00000000d5f00000, 0x00000000d8980000, 0x0000000100000000)
  eden space 33280K, 100% used [0x00000000d5f00000,0x00000000d7f80000,0x00000000d7f80000)
  from space 5120K, 0% used [0x00000000d8480000,0x00000000d8480000,0x00000000d8980000)
  to   space 5120K, 0% used [0x00000000d7f80000,0x00000000d7f80000,0x00000000d8480000)
 ParOldGen       total 87552K, used 0K [0x0000000081c00000, 0x0000000087180000, 0x00000000d5f00000)
  object space 87552K, 0% used [0x0000000081c00000,0x0000000081c00000,0x0000000087180000)
 Metaspace       used 14456K, capacity 15168K, committed 15360K, reserved 1062912K
  class space    used 2057K, capacity 2249K, committed 2304K, reserved 1048576K
Event: 0.759 GC heap after
Heap after GC invocations=1 (full 0):
 PSYoungGen      total 38400K, used 4711K [0x00000000d5f00000, 0x00000000d8980000, 0x0000000100000000)
  eden space 33280K, 0% used [0x00000000d5f00000,0x00000000d5f00000,0x00000000d7f80000)
  from space 5120K, 92% used [0x00000000d7f80000,0x00000000d8419f80,0x00000000d8480000)
  to   space 5120K, 0% used [0x00000000d8480000,0x00000000d8480000,0x00000000d8980000)
 ParOldGen       total 87552K, used 80K [0x0000000081c00000, 0x0000000087180000, 0x00000000d5f00000)
  object space 87552K, 0% used [0x0000000081c00000,0x0000000081c14010,0x0000000087180000)
 Metaspace       used 14456K, capacity 15168K, committed 15360K, reserved 1062912K
  class space    used 2057K, capacity 2249K, committed 2304K, reserved 1048576K
}
Event: 15.195 GC heap before
{Heap before GC invocations=2 (full 0):
 PSYoungGen      total 38400K, used 29524K [0x00000000d5f00000, 0x00000000d8980000, 0x0000000100000000)
  eden space 33280K, 74% used [0x00000000d5f00000,0x00000000d773b088,0x00000000d7f80000)
  from space 5120K, 92% used [0x00000000d7f80000,0x00000000d8419f80,0x00000000d8480000)
  to   space 5120K, 0% used [0x00000000d8480000,0x00000000d8480000,0x00000000d8980000)
 ParOldGen       total 87552K, used 80K [0x0000000081c00000, 0x0000000087180000, 0x00000000d5f00000)
  object space 87552K, 0% used [0x0000000081c00000,0x0000000081c14010,0x0000000087180000)
 Metaspace       used 19810K, capacity 21248K, committed 21296K, reserved 1067008K
  class space    used 2871K, capacity 3153K, committed 3200K, reserved 1048576K
Event: 15.206 GC heap after
Heap after GC invocations=2 (full 0):
 PSYoungGen      total 38400K, used 5104K [0x00000000d5f00000, 0x00000000d8980000, 0x0000000100000000)
  eden space 33280K, 0% used [0x00000000d5f00000,0x00000000d5f00000,0x00000000d7f80000)
  from space 5120K, 99% used [0x00000000d8480000,0x00000000d897c060,0x00000000d8980000)
  to   space 5120K, 0% used [0x00000000d7f80000,0x00000000d7f80000,0x00000000d8480000)
 ParOldGen       total 87552K, used 6228K [0x0000000081c00000, 0x0000000087180000, 0x00000000d5f00000)
  object space 87552K, 7% used [0x0000000081c00000,0x0000000082215090,0x0000000087180000)
 Metaspace       used 19810K, capacity 21248K, committed 21296K, reserved 1067008K
  class space    used 2871K, capacity 3153K, committed 3200K, reserved 1048576K
}
Event: 15.206 GC heap before
{Heap before GC invocations=3 (full 1):
 PSYoungGen      total 38400K, used 5104K [0x00000000d5f00000, 0x00000000d8980000, 0x0000000100000000)
  eden space 33280K, 0% used [0x00000000d5f00000,0x00000000d5f00000,0x00000000d7f80000)
  from space 5120K, 99% used [0x00000000d8480000,0x00000000d897c060,0x00000000d8980000)
  to   space 5120K, 0% used [0x00000000d7f80000,0x00000000d7f80000,0x00000000d8480000)
 ParOldGen       total 87552K, used 6228K [0x0000000081c00000, 0x0000000087180000, 0x00000000d5f00000)
  object space 87552K, 7% used [0x0000000081c00000,0x0000000082215090,0x0000000087180000)
 Metaspace       used 19810K, capacity 21248K, committed 21296K, reserved 1067008K
  class space    used 2871K, capacity 3153K, committed 3200K, reserved 1048576K
Event: 15.286 GC heap after
Heap after GC invocations=3 (full 1):
 PSYoungGen      total 38400K, used 0K [0x00000000d5f00000, 0x00000000d8980000, 0x0000000100000000)
  eden space 33280K, 0% used [0x00000000d5f00000,0x00000000d5f00000,0x00000000d7f80000)
  from space 5120K, 0% used [0x00000000d8480000,0x00000000d8480000,0x00000000d8980000)
  to   space 5120K, 0% used [0x00000000d7f80000,0x00000000d7f80000,0x00000000d8480000)
 ParOldGen       total 52224K, used 11209K [0x0000000081c00000, 0x0000000084f00000, 0x00000000d5f00000)
  object space 52224K, 21% used [0x0000000081c00000,0x00000000826f24f8,0x0000000084f00000)
 Metaspace       used 19810K, capacity 21248K, committed 21296K, reserved 1067008K
  class space    used 2871K, capacity 3153K, committed 3200K, reserved 1048576K
}

Deoptimization events (10 events):
Event: 34.554 Thread 0x0000000018ef0000 Uncommon trap: reason=class_check action=maybe_recompile pc=0x000000000387b2b0 method=java.io.FilterInputStream.read()I @ 4
Event: 34.554 Thread 0x0000000018ef0000 Uncommon trap: reason=class_check action=maybe_recompile pc=0x000000000387b2b0 method=java.io.FilterInputStream.read()I @ 4
Event: 34.554 Thread 0x0000000018ef0000 Uncommon trap: reason=class_check action=maybe_recompile pc=0x000000000387b2b0 method=java.io.FilterInputStream.read()I @ 4
Event: 34.554 Thread 0x0000000018ef0000 Uncommon trap: reason=class_check action=maybe_recompile pc=0x000000000387b2b0 method=java.io.FilterInputStream.read()I @ 4
Event: 34.559 Thread 0x0000000018ef0000 Uncommon trap: reason=unstable_if action=reinterpret pc=0x000000000366dd4c method=javafx.scene.Node.getNodeOrientation()Ljavafx/geometry/NodeOrientation; @ 4
Event: 34.560 Thread 0x0000000018ef0000 Uncommon trap: reason=unstable_if action=reinterpret pc=0x00000000040689fc method=javafx.scene.CssStyleHelper.lookupFont(Ljavafx/css/Styleable;Ljava/lang/String;Lcom/sun/javafx/css/StyleMap;Lcom/sun/javafx/css/CalculatedValue;)Lcom/sun/javafx/css/Calculate/ùÈ&ÀGA@
Event: 34.561 Thread 0x0000000018ef0000 Uncommon trap: reason=unstable_if action=reinterpret pc=0x0000000003badea4 method=javafx.scene.CssStyleHelper.lookup(Ljavafx/css/Styleable;Ljavafx/css/CssMetaData;Lcom/sun/javafx/css/StyleMap;Ljava/util/Set;Ljavafx/css/Styleable;Lcom/sun/javafx/css/Calcula†‡#~HA@
Event: 34.566 Thread 0x0000000018ef0000 Uncommon trap: reason=class_check action=maybe_recompile pc=0x0000000003f1634c method=javafx.scene.Scene.getFocusOwner()Ljavafx/scene/Node; @ 7
Event: 34.624 Thread 0x0000000018ef0000 Uncommon trap: reason=unstable_if action=reinterpret pc=0x0000000003dd9840 method=com.sun.javafx.geom.RectBounds.deriveWithNewBounds(FFFFFF)Lcom/sun/javafx/geom/BaseBounds; @ 4
Event: 34.624 Thread 0x0000000018ef0000 Uncommon trap: reason=unstable_if action=reinterpret pc=0x0000000003d2f2b8 method=com.sun.javafx.geom.RectBounds.deriveWithNewBounds(FFFFFF)Lcom/sun/javafx/geom/BaseBounds; @ 4

Internal exceptions (10 events):
Event: 2.609 Thread 0x0000000018ef0000 Implicit null exception at 0x0000000003890c5a to 0x0000000003891469
Event: 11.593 Thread 0x0000000021117800 Exception <a 'java/lang/NoSuchMethodError': <clinit>> (0x00000000d6e60670) thrown at [C:\re\workspace\8-2-build-windows-amd64-cygwin\jdk8u60\4407\hotspot\src\share\vm\prims\jni.cpp, line 1591]
Event: 11.691 Thread 0x0000000018ef0000 Implicit null exception at 0x000000000393f2b1 to 0x000000000393f799
Event: 15.484 Thread 0x0000000018ef0000 Implicit null exception at 0x0000000003beadc0 to 0x0000000003bec045
Event: 15.484 Thread 0x0000000018ef0000 Implicit null exception at 0x0000000003ac6c07 to 0x0000000003ac6c51
Event: 33.662 Thread 0x0000000018ef0000 Implicit null exception at 0x0000000004025692 to 0x000000000402c915
Event: 34.512 Thread 0x0000000018ef0000 Exception <a 'java/lang/reflect/InvocationTargetException'> (0x00000000d775f6c8) thrown at [C:\re\workspace\8-2-build-windows-amd64-cygwin\jdk8u60\4407\hotspot\src\share\vm\runtime\reflection.cpp, line 1092]
Event: 34.512 Thread 0x0000000018ef0000 Exception <a 'java/lang/RuntimeException'> (0x00000000d775feb8) thrown at [C:\re\workspace\8-2-build-windows-amd64-cygwin\jdk8u60\4407\hotspot\src\share\vm\prims\jvm.cpp, line 1390]
Event: 34.532 Thread 0x0000000018ef0000 Implicit null exception at 0x0000000003dceb17 to 0x0000000003dcf535
Event: 35.991 Thread 0x0000000021782800 Exception <a 'java/lang/IllegalStateException'> (0x00000000d7ec0630) thrown at [C:\re\workspace\8-2-build-windows-amd64-cygwin\jdk8u60\4407\hotspot\src\share\vm\prims\jvm.cpp, line 1390]

Events (10 events):
Event: 35.990 loading class java/util/IdentityHashMap$IdentityHashMapIterator
Event: 35.990 loading class java/util/IdentityHashMap$IdentityHashMapIterator done
Event: 35.990 loading class java/util/IdentityHashMap$KeyIterator done
Event: 35.990 Thread 0x0000000021782800 Thread added: 0x0000000021782800
Event: 35.990 loading class com/sun/javafx/tk/quantum/QuantumRenderer
Event: 35.991 loading class com/sun/javafx/tk/quantum/QuantumRenderer done
Event: 35.991 loading class com/sun/javafx/tk/quantum/QuantumToolkit
Event: 35.991 loading class com/sun/javafx/tk/quantum/QuantumToolkit done
Event: 35.991 Thread 0x0000000021782800 Thread exited: 0x0000000021782800
Event: 35.991 Executing VM operation: Exit


Dynamic libraries:
0x00007ff6ff990000 - 0x00007ff6ff9c7000 	C:\Program Files\Java\jdk1.8.0\bin\javaw.exe
0x00007ffbb73e0000 - 0x00007ffbb758c000 	C:\WINDOWS\SYSTEM32\ntdll.dll
0x00007ffbb67f0000 - 0x00007ffbb692e000 	C:\WINDOWS\system32\KERNEL32.DLL
0x00007ffbb47e0000 - 0x00007ffbb48f5000 	C:\WINDOWS\system32\KERNELBASE.dll
0x00007ffbb2930000 - 0x00007ffbb29be000 	C:\WINDOWS\system32\apphelp.dll
0x00007ffb99120000 - 0x00007ffb99173000 	C:\WINDOWS\AppPatch\AppPatch64\AcGenral.DLL
0x00007ffbb6fa0000 - 0x00007ffbb704a000 	C:\WINDOWS\system32\msvcrt.dll
0x00007ffbb43d0000 - 0x00007ffbb43fe000 	C:\WINDOWS\SYSTEM32\SspiCli.dll
0x00007ffbb6f30000 - 0x00007ffbb6f84000 	C:\WINDOWS\system32\SHLWAPI.dll
0x00007ffbb65b0000 - 0x00007ffbb6727000 	C:\WINDOWS\system32\USER32.dll
0x00007ffbb6bd0000 - 0x00007ffbb6d64000 	C:\WINDOWS\system32\ole32.dll
0x00007ffbb4ce0000 - 0x00007ffbb620b000 	C:\WINDOWS\system32\SHELL32.dll
0x00007ffbb3b50000 - 0x00007ffbb3b71000 	C:\WINDOWS\SYSTEM32\USERENV.dll
0x00007ffbb6370000 - 0x00007ffbb641a000 	C:\WINDOWS\system32\ADVAPI32.dll
0x00007ffba2b40000 - 0x00007ffba2b5e000 	C:\WINDOWS\SYSTEM32\MPR.dll
0x00007ffbb6460000 - 0x00007ffbb65a1000 	C:\WINDOWS\system32\RPCRT4.dll
0x00007ffbb6790000 - 0x00007ffbb67e9000 	C:\WINDOWS\SYSTEM32\sechost.dll
0x00007ffbb6930000 - 0x00007ffbb6b41000 	C:\WINDOWS\SYSTEM32\combase.dll
0x00007ffbb6de0000 - 0x00007ffbb6f2f000 	C:\WINDOWS\system32\GDI32.dll
0x00007ffbb4530000 - 0x00007ffbb4545000 	C:\WINDOWS\SYSTEM32\profapi.dll
0x00007ffbb1f20000 - 0x00007ffbb1fd2000 	C:\WINDOWS\SYSTEM32\SHCORE.dll
0x00007ffbb6420000 - 0x00007ffbb6456000 	C:\WINDOWS\system32\IMM32.DLL
0x00007ffbb6210000 - 0x00007ffbb6362000 	C:\WINDOWS\system32\MSCTF.dll
0x00007ffbb0aa0000 - 0x00007ffbb0d1b000 	C:\WINDOWS\WinSxS\amd64_microsoft.windows.common-controls_6595b64144ccf1df_6.0.9600.18006_none_623f33d3ecbe86e8\COMCTL32.dll
0x0000000070dc0000 - 0x0000000070e92000 	C:\Program Files\Java\jdk1.8.0\jre\bin\msvcr100.dll
0x0000000070530000 - 0x0000000070db9000 	C:\Program Files\Java\jdk1.8.0\jre\bin\server\jvm.dll
0x00007ffba6c50000 - 0x00007ffba6c59000 	C:\WINDOWS\SYSTEM32\WSOCK32.dll
0x00007ffbacf80000 - 0x00007ffbacfa2000 	C:\WINDOWS\SYSTEM32\WINMM.dll
0x00007ffbaf6f0000 - 0x00007ffbaf6fa000 	C:\WINDOWS\SYSTEM32\VERSION.dll
0x00007ffbb6b60000 - 0x00007ffbb6b67000 	C:\WINDOWS\system32\PSAPI.DLL
0x00007ffbb6b70000 - 0x00007ffbb6bca000 	C:\WINDOWS\system32\WS2_32.dll
0x00007ffbacf50000 - 0x00007ffbacf7a000 	C:\WINDOWS\SYSTEM32\WINMMBASE.dll
0x00007ffbb4cd0000 - 0x00007ffbb4cd9000 	C:\WINDOWS\system32\NSI.dll
0x00007ffbb49b0000 - 0x00007ffbb49ff000 	C:\WINDOWS\SYSTEM32\cfgmgr32.dll
0x00007ffbb3320000 - 0x00007ffbb3348000 	C:\WINDOWS\SYSTEM32\DEVOBJ.dll
0x0000000070520000 - 0x000000007052f000 	C:\Program Files\Java\jdk1.8.0\jre\bin\verify.dll
0x00000000704f0000 - 0x0000000070519000 	C:\Program Files\Java\jdk1.8.0\jre\bin\java.dll
0x00000000704d0000 - 0x00000000704e6000 	C:\Program Files\Java\jdk1.8.0\jre\bin\zip.dll
0x00007ffba2d70000 - 0x00007ffba2e5f000 	C:\Program Files\Java\jdk1.8.0\jre\bin\msvcr120.dll
0x00007ffba5680000 - 0x00007ffba5726000 	C:\Program Files\Java\jdk1.8.0\jre\bin\msvcp120.dll
0x0000000070430000 - 0x0000000070453000 	C:\Program Files\Java\jdk1.8.0\jre\bin\prism_d3d.dll
0x00007ffb9a790000 - 0x00007ffb9a9b1000 	C:\WINDOWS\system32\d3d9.dll
0x00007ffbb1d20000 - 0x00007ffbb1d41000 	C:\WINDOWS\SYSTEM32\dwmapi.dll
0x00007ffbb31a0000 - 0x00007ffbb32c9000 	C:\WINDOWS\system32\uxtheme.dll
0x00007ffb934f0000 - 0x00007ffb94088000 	C:\WINDOWS\SYSTEM32\igdumdim64.dll
0x00007ffbb0660000 - 0x00007ffbb0aa0000 	C:\WINDOWS\SYSTEM32\igdusc64.dll
0x00000000703e0000 - 0x0000000070423000 	C:\Program Files\Java\jdk1.8.0\jre\bin\glass.dll
0x00007ffbb4a60000 - 0x00007ffbb4b16000 	C:\WINDOWS\system32\COMDLG32.dll
0x00007ffbb7050000 - 0x00007ffbb7111000 	C:\WINDOWS\system32\OLEAUT32.dll
0x00007ffbac4f0000 - 0x00007ffbac59b000 	C:\Program Files\Common Files\microsoft shared\ink\tiptsf.dll
0x00007ffbb3390000 - 0x00007ffbb339b000 	C:\WINDOWS\SYSTEM32\kernel.appcore.dll
0x00007ffbb4470000 - 0x00007ffbb447b000 	C:\WINDOWS\SYSTEM32\CRYPTBASE.dll
0x00007ffbb4400000 - 0x00007ffbb4463000 	C:\WINDOWS\SYSTEM32\bcryptPrimitives.dll
0x00000000703c0000 - 0x00000000703d4000 	C:\Program Files\Java\jdk1.8.0\jre\bin\javafx_font.dll
0x00007ffbb0150000 - 0x00007ffbb033c000 	C:\WINDOWS\SYSTEM32\dwrite.dll
0x00007ffbb7120000 - 0x00007ffbb71d6000 	C:\WINDOWS\SYSTEM32\clbcatq.dll
0x00007ffbb2fc0000 - 0x00007ffbb316e000 	C:\WINDOWS\SYSTEM32\WindowsCodecs.dll
0x00007ffbb3e30000 - 0x00007ffbb3e50000 	C:\WINDOWS\SYSTEM32\CRYPTSP.dll
0x00007ffbb3a40000 - 0x00007ffbb3a76000 	C:\WINDOWS\system32\rsaenh.dll
0x00007ffbb40c0000 - 0x00007ffbb40e6000 	C:\WINDOWS\SYSTEM32\bcrypt.dll
0x00007ffbb0470000 - 0x00007ffbb049e000 	C:\Program Files\Common Files\Microsoft Shared\Ink\rtscom.dll
0x00007ffbb00e0000 - 0x00007ffbb014a000 	C:\WINDOWS\SYSTEM32\oleacc.dll
0x00000000703a0000 - 0x00000000703b1000 	C:\Program Files\Java\jdk1.8.0\jre\bin\prism_common.dll
0x00007ffbb71e0000 - 0x00007ffbb73ba000 	C:\WINDOWS\system32\SETUPAPI.dll
0x00007ffbafab0000 - 0x00007ffbafc2f000 	C:\WINDOWS\system32\propsys.dll
0x00007ffbb0380000 - 0x00007ffbb038f000 	C:\WINDOWS\SYSTEM32\atlthunk.dll
0x00007ffba1960000 - 0x00007ffba1c5b000 	C:\WINDOWS\system32\explorerframe.dll
0x00007ffbb05b0000 - 0x00007ffbb0654000 	C:\WINDOWS\system32\DUser.dll
0x00007ffbb1d50000 - 0x00007ffbb1f11000 	C:\WINDOWS\system32\DUI70.dll
0x00007ffba3930000 - 0x00007ffba3a5b000 	C:\Windows\System32\Windows.Globalization.dll
0x00007ffbb04a0000 - 0x00007ffbb0506000 	C:\Windows\System32\Bcp47Langs.dll
0x00007ffbaf370000 - 0x00007ffbaf39c000 	C:\WINDOWS\SYSTEM32\globinputhost.dll
0x00007ffbaf160000 - 0x00007ffbaf199000 	C:\WINDOWS\system32\xmllite.dll
0x00007ffbace10000 - 0x00007ffbacf45000 	C:\Windows\System32\uiautomationcore.dll
0x00007ffbb4480000 - 0x00007ffbb4519000 	C:\WINDOWS\SYSTEM32\sxs.dll
0x00007ffbafea0000 - 0x00007ffbaff5c000 	C:\WINDOWS\System32\StructuredQuery.dll
0x00007ffba15a0000 - 0x00007ffba1863000 	C:\Windows\System32\actxprxy.dll
0x00007ffba46b0000 - 0x00007ffba46de000 	C:\Windows\System32\thumbcache.dll
0x00007ffba0a60000 - 0x00007ffba0b9c000 	C:\WINDOWS\system32\SearchFolder.dll
0x00007ffbabe70000 - 0x00007ffbabe79000 	C:\WINDOWS\system32\IconCodecService.dll
0x00007ffbac5a0000 - 0x00007ffbac669000 	C:\Windows\System32\twinapi.dll
0x00007ffba1870000 - 0x00007ffba1910000 	C:\Windows\System32\twinapi.appcore.dll
0x00007ffbae5c0000 - 0x00007ffbae5e8000 	C:\WINDOWS\System32\IDStore.dll
0x00007ffbaf930000 - 0x00007ffbaf94f000 	C:\WINDOWS\System32\SAMLIB.dll
0x00007ffba0ba0000 - 0x00007ffba0c19000 	C:\WINDOWS\System32\wlidprov.dll
0x00007ffbb0070000 - 0x00007ffbb00e0000 	C:\WINDOWS\System32\provsvc.dll
0x00007ffbaee10000 - 0x00007ffbaee1b000 	C:\WINDOWS\System32\drprov.dll
0x00007ffbb3790000 - 0x00007ffbb37ea000 	C:\WINDOWS\System32\WINSTA.dll
0x00007ffbac490000 - 0x00007ffbac4a7000 	C:\WINDOWS\System32\ntlanman.dll
0x00007ffba0df0000 - 0x00007ffba0eb0000 	C:\Program Files (x86)\Google\Drive\googledrivesync64.dll
0x00000000718c0000 - 0x0000000071993000 	C:\WINDOWS\WinSxS\amd64_microsoft.vc90.crt_1fc8b3b9a1e18e3b_9.0.30729.8387_none_08e793bfa83a89b5\MSVCP90.dll
0x0000000071be0000 - 0x0000000071c83000 	C:\WINDOWS\WinSxS\amd64_microsoft.vc90.crt_1fc8b3b9a1e18e3b_9.0.30729.8387_none_08e793bfa83a89b5\MSVCR90.dll
0x00007ffbac310000 - 0x00007ffbac32f000 	C:\WINDOWS\System32\davclnt.dll
0x00007ffbac300000 - 0x00007ffbac30c000 	C:\WINDOWS\System32\DAVHLPR.dll
0x00007ffbb2ae0000 - 0x00007ffbb2af7000 	C:\WINDOWS\System32\wkscli.dll
0x00007ffba44a0000 - 0x00007ffba44db000 	C:\Program Files (x86)\Dropbox\Client\DropboxExt64.28.dll
0x00007ffba4e10000 - 0x00007ffba4e22000 	C:\WINDOWS\SYSTEM32\cscapi.dll
0x00007ffbb3980000 - 0x00007ffbb398c000 	C:\WINDOWS\System32\netutils.dll
0x00007ffb9fc40000 - 0x00007ffb9fc65000 	C:\WINDOWS\system32\mssprxy.dll
0x00007ffba2a80000 - 0x00007ffba2b3a000 	C:\WINDOWS\SYSTEM32\ntshrui.dll
0x00007ffbb41e0000 - 0x00007ffbb4206000 	C:\WINDOWS\SYSTEM32\srvcli.dll
0x00007ffba3770000 - 0x00007ffba37eb000 	C:\Windows\System32\dlnashext.dll
0x00007ffbaf3a0000 - 0x00007ffbaf3ee000 	C:\Windows\System32\PlayToDevice.dll
0x00007ffba3fd0000 - 0x00007ffba3fee000 	C:\Windows\System32\DevDispItemProvider.dll
0x00007ffba0a30000 - 0x00007ffba0a3d000 	C:\WINDOWS\SYSTEM32\LINKINFO.dll
0x00007ffbaf870000 - 0x00007ffbaf924000 	C:\Windows\System32\PortableDeviceApi.dll
0x00007ffbb4a00000 - 0x00007ffbb4a51000 	C:\WINDOWS\system32\WINTRUST.dll
0x00007ffbb4600000 - 0x00007ffbb47df000 	C:\WINDOWS\system32\CRYPT32.dll
0x00007ffbb45e0000 - 0x00007ffbb45f1000 	C:\WINDOWS\system32\MSASN1.dll
0x00007ffbaf340000 - 0x00007ffbaf366000 	C:\Windows\System32\EhStorAPI.dll
0x00007ffbb28f0000 - 0x00007ffbb2902000 	C:\Windows\System32\WTSAPI32.dll
0x00007ffba8a90000 - 0x00007ffba8c15000 	C:\Windows\System32\urlmon.dll
0x00007ffba87c0000 - 0x00007ffba8a87000 	C:\Windows\System32\iertutil.dll
0x00007ffba8550000 - 0x00007ffba87b9000 	C:\Windows\System32\WININET.dll
0x00007ffbae310000 - 0x00007ffbae31c000 	C:\WINDOWS\SYSTEM32\Secur32.dll
0x00007ffb9ebd0000 - 0x00007ffb9ed6d000 	C:\WINDOWS\system32\NetworkExplorer.dll
0x00007ffba3600000 - 0x00007ffba366f000 	C:\WINDOWS\system32\zipfldr.dll
0x00000000704b0000 - 0x00000000704ca000 	C:\Program Files\Java\jdk1.8.0\jre\bin\net.dll
0x00007ffbb3dd0000 - 0x00007ffbb3e29000 	C:\WINDOWS\system32\mswsock.dll
0x0000000070490000 - 0x00000000704a1000 	C:\Program Files\Java\jdk1.8.0\jre\bin\nio.dll
0x00007ffb908a0000 - 0x00007ffb90a29000 	C:\WINDOWS\SYSTEM32\dbghelp.dll

VM Arguments:
jvm_args: -Dfile.encoding=UTF-8 
java_command: ch.theband.benno.probeplaner.App
java_class_path (initial): C:\Users\benno.bennoCompi\workspace\probeplaner\target\classes;C:\Users\benno.bennoCompi\.m2\repository\com\airhacks\afterburner.fx\1.6.0\afterburner.fx-1.6.0.jar;C:\Users\benno.bennoCompi\.m2\repository\com\h2database\h2\1.4.190\h2-1.4.190.jar;C:\Users\benno.bennoCompi\.m2\repository\com\google\guava\guava\18.0\guava-18.0.jar;C:\Users\benno.bennoCompi\.m2\repository\org\apache\pdfbox\pdfbox\1.8.10\pdfbox-1.8.10.jar;C:\Users\benno.bennoCompi\.m2\repository\org\apache\pdfbox\fontbox\1.8.10\fontbox-1.8.10.jar;C:\Users\benno.bennoCompi\.m2\repository\org\apache\pdfbox\jempbox\1.8.10\jempbox-1.8.10.jar;C:\Users\benno.bennoCompi\.m2\repository\commons-logging\commons-logging\1.1.1\commons-logging-1.1.1.jar
Launcher Type: SUN_STANDARD

Environment Variables:
PATH=C:\ProgramData\Oracle\Java\javapath;C:\Program Files (x86)\Intel\iCLS Client\;C:\Program Files\Intel\iCLS Client\;C:\WINDOWS\system32;C:\WINDOWS;C:\WINDOWS\System32\Wbem;C:\WINDOWS\System32\WindowsPowerShell\v1.0\;C:\Program Files (x86)\Windows Live\Shared;C:\Program Files\Intel\Intel(R) Management Engine Components\DAL;C:\Program Files\Intel\Intel(R) Management Engine Components\IPT;C:\Program Files (x86)\Intel\Intel(R) Management Engine Components\DAL;C:\Program Files (x86)\Intel\Intel(R) Management Engine Components\IPT;C:\Program Files (x86)\Skype\Phone\;C:\Program Files\Intel\WiFi\bin\;C:\Program Files\Common Files\Intel\WirelessCommon\;C:\Program Files\Boot2Docker for Windows;C:\Program Files\Intel\WiFi\bin\;C:\Program Files\Common Files\Intel\WirelessCommon\
USERNAME=benno
OS=Windows_NT
PROCESSOR_IDENTIFIER=Intel64 Family 6 Model 69 Stepping 1, GenuineIntel



---------------  S Y S T E M  ---------------

OS: Windows 8.1 , 64 bit Build 9600 (6.3.9600.17415)

CPU:total 4 (2 cores per cpu, 2 threads per core) family 6 model 69 stepping 1, cmov, cx8, fxsr, mmx, sse, sse2, sse3, ssse3, sse4.1, sse4.2, popcnt, avx, avx2, aes, clmul, erms, lzcnt, ht, tsc, tscinvbit, bmi1, bmi2

Memory: 4k page, physical 8268976k(3461292k free), swap 11279992k(5170480k free)

vm_info: Java HotSpot(TM) 64-Bit Server VM (25.60-b23) for windows-amd64 JRE (1.8.0_60-b27), built on Aug  4 2015 11:06:27 by "java_re" with MS VC++ 10.0 (VS2010)

time: Sun Oct 25 11:21:36 2015
elapsed time: 36 seconds (0d 0h 0m 36s)

