#
# A fatal error has been detected by the Java Runtime Environment:
#
#  EXCEPTION_ACCESS_VIOLATION (0xc0000005) at pc=0x000000006f7b583a, pid=7144, tid=9668
#
# JRE version: Java(TM) SE Runtime Environment (8.0_60-b27) (build 1.8.0_60-b27)
# Java VM: Java HotSpot(TM) 64-Bit Server VM (25.60-b23 mixed mode windows-amd64 compressed oops)
# Problematic frame:
# C  [glass.dll+0x2583a]
#
# Failed to write core dump. Minidumps are not enabled by default on client versions of Windows
#
# If you would like to submit a bug report, please visit:
#   http://bugreport.java.com/bugreport/crash.jsp
#

---------------  T H R E A D  ---------------

Current thread (0x0000000017486800):  VMThread [stack: 0x0000000018530000,0x0000000018630000] [id=9668]

siginfo: ExceptionCode=0xc0000005, reading address 0x0000000000000000

Registers:
RAX=0x0000000000000000, RBX=0x00000000014e7cf0, RCX=0x0000000017486800, RDX=0x00000000014e7cf0
RSP=0x000000001862f530, RBP=0x0000000000df7ef0, RSI=0x0000000000000001, RDI=0x0000000000000000
R8 =0x0000000000010002, R9 =0x0000000000df7ef0, R10=0x0000000000000000, R11=0x0000000000000286
R12=0x0000000000df7f20, R13=0x0000000000df7ef0, R14=0x0000000000df7f00, R15=0x0000000000000000
RIP=0x000000006f7b583a, EFLAGS=0x0000000000010206

Top of Stack: (sp=0x000000001862f530)
0x000000001862f530:   0000000000000000 000000006f7b58f0
0x000000001862f540:   0000000000000000 0000000000000000
0x000000001862f550:   000000006f7b5820 000000006f7b3214
0x000000001862f560:   000000006f7791a0 00000000b7497046
0x000000001862f570:   0000000000df7ef0 00007ffbb4402d6b
0x000000001862f580:   000000006f7b3374 000000006f790000
0x000000001862f590:   00000000012e1628 000000006f7b3496
0x000000001862f5a0:   0000000000000001 000000000149fe60
0x000000001862f5b0:   0000000000000000 0000000000000000
0x000000001862f5c0:   c000000500000001 000000001862e6c0
0x000000001862f5d0:   0000000000000001 00007ffbb73fc334
0x000000001862f5e0:   0000000000000000 000000006f7b3374
0x000000001862f5f0:   000000006f790000 00007ffbb73fd44f
0x000000001862f600:   00005929d1ee4884 0000000000e04150
0x000000001862f610:   00007ffbac2e1600 00007ffbb7510d10
0x000000001862f620:   00007ffbb7510d10 00007ff7f279e000 

Instructions: (pc=0x000000006f7b583a)
0x000000006f7b581a:   83 c4 20 5d c3 cc 40 53 48 83 ec 20 48 8b 1d db
0x000000006f7b582a:   5b 01 00 48 85 db 74 1a e8 29 93 ff ff 48 8b d3
0x000000006f7b583a:   4c 8b 00 48 8b c8 48 83 c4 20 5b 49 ff a0 b0 00
0x000000006f7b584a:   00 00 48 83 c4 20 5b c3 cc cc cc cc cc cc cc cc 


Register to memory mapping:

RAX=0x0000000000000000 is an unknown value
RBX=0x00000000014e7cf0 is a global jni handle
RCX=0x0000000017486800 is an unknown value
RDX=0x00000000014e7cf0 is a global jni handle
RSP=0x000000001862f530 is an unknown value
RBP=0x0000000000df7ef0 is an unknown value
RSI=0x0000000000000001 is an unknown value
RDI=0x0000000000000000 is an unknown value
R8 =0x0000000000010002 is an unknown value
R9 =0x0000000000df7ef0 is an unknown value
R10=0x0000000000000000 is an unknown value
R11=0x0000000000000286 is an unknown value
R12=0x0000000000df7f20 is an unknown value
R13=0x0000000000df7ef0 is an unknown value
R14=0x0000000000df7f00 is an unknown value
R15=0x0000000000000000 is an unknown value


Stack: [0x0000000018530000,0x0000000018630000],  sp=0x000000001862f530,  free space=1021k
Native frames: (J=compiled Java code, j=interpreted, Vv=VM code, C=native code)
C  [glass.dll+0x2583a]
C  [glass.dll+0x23214]
C  [glass.dll+0x23496]
C  [ntdll.dll+0x1c334]
C  [ntdll.dll+0x1b742]
C  [ntdll.dll+0x18448]
C  [KERNEL32.DLL+0x516a]
C  [msvcr100.dll+0x20ccd]
V  [jvm.dll+0x210a25]
V  [jvm.dll+0x249747]
V  [jvm.dll+0x2489e6]
V  [jvm.dll+0x248e81]
V  [jvm.dll+0x24909e]
V  [jvm.dll+0x299f6a]
C  [msvcr100.dll+0x21d9f]
C  [msvcr100.dll+0x21e3b]
C  [KERNEL32.DLL+0x13d2]
C  [ntdll.dll+0x15454]

VM_Operation (0x000000001aada530): Exit, mode: safepoint, requested by thread 0x0000000019460000


---------------  P R O C E S S  ---------------

Java Threads: ( => current thread )
  0x000000001990b000 JavaThread "Prism Font Disposer" daemon [_thread_blocked, id=2904, stack(0x0000000021130000,0x0000000021230000)]
  0x00000000194b3000 JavaThread "Thread-3" daemon [_thread_in_native, id=5236, stack(0x000000001c180000,0x000000001c280000)]
  0x00000000194b2800 JavaThread "JavaFX-Launcher" [_thread_blocked, id=7280, stack(0x000000001c280000,0x000000001c380000)]
  0x0000000019460000 JavaThread "JavaFX Application Thread" [_thread_blocked, id=10132, stack(0x000000001a9e0000,0x000000001aae0000)]
  0x000000001945e800 JavaThread "Thread-1" daemon [_thread_blocked, id=8424, stack(0x000000001a8e0000,0x000000001a9e0000)]
  0x00000000191ea800 JavaThread "QuantumRenderer-0" daemon [_thread_blocked, id=5324, stack(0x0000000019c40000,0x0000000019d40000)]
  0x0000000018e76800 JavaThread "Service Thread" daemon [_thread_blocked, id=5552, stack(0x0000000019240000,0x0000000019340000)]
  0x00000000174c7000 JavaThread "C1 CompilerThread2" daemon [_thread_blocked, id=9912, stack(0x0000000018d40000,0x0000000018e40000)]
  0x00000000174c0000 JavaThread "C2 CompilerThread1" daemon [_thread_blocked, id=2336, stack(0x0000000018c40000,0x0000000018d40000)]
  0x00000000174bd800 JavaThread "C2 CompilerThread0" daemon [_thread_blocked, id=9832, stack(0x0000000018b40000,0x0000000018c40000)]
  0x00000000174bc000 JavaThread "Attach Listener" daemon [_thread_blocked, id=5932, stack(0x0000000018a40000,0x0000000018b40000)]
  0x00000000174bb000 JavaThread "Signal Dispatcher" daemon [_thread_blocked, id=8336, stack(0x0000000018940000,0x0000000018a40000)]
  0x00000000014f6800 JavaThread "Finalizer" daemon [_thread_blocked, id=8140, stack(0x0000000018730000,0x0000000018830000)]
  0x0000000017488800 JavaThread "Reference Handler" daemon [_thread_blocked, id=2192, stack(0x0000000018630000,0x0000000018730000)]
  0x0000000001400800 JavaThread "main" [_thread_blocked, id=9340, stack(0x00000000012f0000,0x00000000013f0000)]

Other Threads:
=>0x0000000017486800 VMThread [stack: 0x0000000018530000,0x0000000018630000] [id=9668]

VM state:at safepoint (shutting down)

VM Mutex/Monitor currently owned by a thread:  ([mutex/lock_event])
[0x00000000012ec1f0] Threads_lock - owner thread: 0x0000000017486800

Heap:
 PSYoungGen      total 38400K, used 967K [0x00000000d5f00000, 0x00000000d8980000, 0x0000000100000000)
  eden space 33280K, 2% used [0x00000000d5f00000,0x00000000d5ff1f70,0x00000000d7f80000)
  from space 5120K, 0% used [0x00000000d8480000,0x00000000d8480000,0x00000000d8980000)
  to   space 5120K, 0% used [0x00000000d7f80000,0x00000000d7f80000,0x00000000d8480000)
 ParOldGen       total 49152K, used 9283K [0x0000000081c00000, 0x0000000084c00000, 0x00000000d5f00000)
  object space 49152K, 18% used [0x0000000081c00000,0x0000000082510e48,0x0000000084c00000)
 Metaspace       used 19697K, capacity 21186K, committed 21248K, reserved 1067008K
  class space    used 2991K, capacity 3284K, committed 3328K, reserved 1048576K

Card table byte_map: [0x00000000018c0000,0x0000000001cc0000] byte_map_base: 0x00000000014b2000

Marking Bits: (ParMarkBitMap*) 0x0000000070d3a5b0
 Begin Bits: [0x0000000012800000, 0x0000000014790000)
 End Bits:   [0x0000000014790000, 0x0000000016720000)

Polling page: 0x0000000000d20000

CodeCache: size=245760Kb used=7001Kb max_used=7001Kb free=238758Kb
 bounds [0x0000000003400000, 0x0000000003ae0000, 0x0000000012400000]
 total_blobs=2947 nmethods=2275 adapters=583
 compilation: enabled

Compilation events (10 events):
Event: 6.655 Thread 0x00000000174c7000 2271       1       javafx.scene.input.MouseEvent::getPickResult (5 bytes)
Event: 6.655 Thread 0x00000000174c7000 nmethod 2271 0x0000000003ad2110 code [0x0000000003ad2260, 0x0000000003ad2370]
Event: 6.656 Thread 0x00000000174c7000 2272       3       java.util.concurrent.locks.ReentrantLock::lock (8 bytes)
Event: 6.657 Thread 0x00000000174c7000 nmethod 2272 0x0000000003ad1cd0 code [0x0000000003ad1e40, 0x0000000003ad2068]
Event: 6.657 Thread 0x00000000174c7000 2273       3       java.util.concurrent.locks.ReentrantLock$NonfairSync::lock (25 bytes)
Event: 6.657 Thread 0x00000000174c7000 nmethod 2273 0x0000000003ad1050 code [0x0000000003ad1220, 0x0000000003ad1a78]
Event: 6.658 Thread 0x00000000174c7000 2274       3       javafx.scene.Node::isFocusTraversable (19 bytes)
Event: 6.658 Thread 0x00000000174c7000 nmethod 2274 0x0000000003ad0a10 code [0x0000000003ad0b80, 0x0000000003ad0f28]
Event: 6.658 Thread 0x00000000174c7000 2275       3       javafx.scene.Node::setScenes (75 bytes)
Event: 6.659 Thread 0x00000000174c7000 nmethod 2275 0x0000000003ad9c50 code [0x0000000003ad9e80, 0x0000000003adad28]

GC Heap History (6 events):
Event: 0.753 GC heap before
{Heap before GC invocations=1 (full 0):
 PSYoungGen      total 38400K, used 33280K [0x00000000d5f00000, 0x00000000d8980000, 0x0000000100000000)
  eden space 33280K, 100% used [0x00000000d5f00000,0x00000000d7f80000,0x00000000d7f80000)
  from space 5120K, 0% used [0x00000000d8480000,0x00000000d8480000,0x00000000d8980000)
  to   space 5120K, 0% used [0x00000000d7f80000,0x00000000d7f80000,0x00000000d8480000)
 ParOldGen       total 87552K, used 0K [0x0000000081c00000, 0x0000000087180000, 0x00000000d5f00000)
  object space 87552K, 0% used [0x0000000081c00000,0x0000000081c00000,0x0000000087180000)
 Metaspace       used 14736K, capacity 15464K, committed 15744K, reserved 1062912K
  class space    used 2143K, capacity 2355K, committed 2432K, reserved 1048576K
Event: 0.760 GC heap after
Heap after GC invocations=1 (full 0):
 PSYoungGen      total 38400K, used 4833K [0x00000000d5f00000, 0x00000000d8980000, 0x0000000100000000)
  eden space 33280K, 0% used [0x00000000d5f00000,0x00000000d5f00000,0x00000000d7f80000)
  from space 5120K, 94% used [0x00000000d7f80000,0x00000000d84387c0,0x00000000d8480000)
  to   space 5120K, 0% used [0x00000000d8480000,0x00000000d8480000,0x00000000d8980000)
 ParOldGen       total 87552K, used 80K [0x0000000081c00000, 0x0000000087180000, 0x00000000d5f00000)
  object space 87552K, 0% used [0x0000000081c00000,0x0000000081c14010,0x0000000087180000)
 Metaspace       used 14736K, capacity 15464K, committed 15744K, reserved 1062912K
  class space    used 2143K, capacity 2355K, committed 2432K, reserved 1048576K
}
Event: 6.555 GC heap before
{Heap before GC invocations=2 (full 0):
 PSYoungGen      total 38400K, used 25268K [0x00000000d5f00000, 0x00000000d8980000, 0x0000000100000000)
  eden space 33280K, 61% used [0x00000000d5f00000,0x00000000d72f4b10,0x00000000d7f80000)
  from space 5120K, 94% used [0x00000000d7f80000,0x00000000d84387c0,0x00000000d8480000)
  to   space 5120K, 0% used [0x00000000d8480000,0x00000000d8480000,0x00000000d8980000)
 ParOldGen       total 87552K, used 80K [0x0000000081c00000, 0x0000000087180000, 0x00000000d5f00000)
  object space 87552K, 0% used [0x0000000081c00000,0x0000000081c14010,0x0000000087180000)
 Metaspace       used 19674K, capacity 21168K, committed 21248K, reserved 1067008K
  class space    used 2987K, capacity 3281K, committed 3328K, reserved 1048576K
Event: 6.564 GC heap after
Heap after GC invocations=2 (full 0):
 PSYoungGen      total 38400K, used 5104K [0x00000000d5f00000, 0x00000000d8980000, 0x0000000100000000)
  eden space 33280K, 0% used [0x00000000d5f00000,0x00000000d5f00000,0x00000000d7f80000)
  from space 5120K, 99% used [0x00000000d8480000,0x00000000d897c050,0x00000000d8980000)
  to   space 5120K, 0% used [0x00000000d7f80000,0x00000000d7f80000,0x00000000d8480000)
 ParOldGen       total 87552K, used 5180K [0x0000000081c00000, 0x0000000087180000, 0x00000000d5f00000)
  object space 87552K, 5% used [0x0000000081c00000,0x000000008210f2e0,0x0000000087180000)
 Metaspace       used 19674K, capacity 21168K, committed 21248K, reserved 1067008K
  class space    used 2987K, capacity 3281K, committed 3328K, reserved 1048576K
}
Event: 6.564 GC heap before
{Heap before GC invocations=3 (full 1):
 PSYoungGen      total 38400K, used 5104K [0x00000000d5f00000, 0x00000000d8980000, 0x0000000100000000)
  eden space 33280K, 0% used [0x00000000d5f00000,0x00000000d5f00000,0x00000000d7f80000)
  from space 5120K, 99% used [0x00000000d8480000,0x00000000d897c050,0x00000000d8980000)
  to   space 5120K, 0% used [0x00000000d7f80000,0x00000000d7f80000,0x00000000d8480000)
 ParOldGen       total 87552K, used 5180K [0x0000000081c00000, 0x0000000087180000, 0x00000000d5f00000)
  object space 87552K, 5% used [0x0000000081c00000,0x000000008210f2e0,0x0000000087180000)
 Metaspace       used 19674K, capacity 21168K, committed 21248K, reserved 1067008K
  class space    used 2987K, capacity 3281K, committed 3328K, reserved 1048576K
Event: 6.592 GC heap after
Heap after GC invocations=3 (full 1):
 PSYoungGen      total 38400K, used 0K [0x00000000d5f00000, 0x00000000d8980000, 0x0000000100000000)
  eden space 33280K, 0% used [0x00000000d5f00000,0x00000000d5f00000,0x00000000d7f80000)
  from space 5120K, 0% used [0x00000000d8480000,0x00000000d8480000,0x00000000d8980000)
  to   space 5120K, 0% used [0x00000000d7f80000,0x00000000d7f80000,0x00000000d8480000)
 ParOldGen       total 49152K, used 9283K [0x0000000081c00000, 0x0000000084c00000, 0x00000000d5f00000)
  object space 49152K, 18% used [0x0000000081c00000,0x0000000082510e48,0x0000000084c00000)
 Metaspace       used 19674K, capacity 21168K, committed 21248K, reserved 1067008K
  class space    used 2987K, capacity 3281K, committed 3328K, reserved 1048576K
}

Deoptimization events (10 events):
Event: 3.295 Thread 0x0000000019460000 Uncommon trap: reason=unstable_if action=reinterpret pc=0x00000000036ebaa8 method=jdk.internal.org.objectweb.asm.Type.getArgumentsAndReturnSizes(Ljava/lang/String;)I @ 47
Event: 4.621 Thread 0x0000000019460000 Uncommon trap: reason=unstable_if action=reinterpret pc=0x0000000003859720 method=com.sun.javafx.css.BitSet.add(Ljava/lang/Object;)Z @ 91
Event: 4.642 Thread 0x0000000019460000 Uncommon trap: reason=unstable_if action=reinterpret pc=0x000000000383a614 method=java.io.ByteArrayInputStream.read()I @ 8
Event: 4.642 Thread 0x0000000019460000 Uncommon trap: reason=class_check action=maybe_recompile pc=0x0000000003872830 method=java.io.FilterInputStream.read()I @ 4
Event: 4.642 Thread 0x0000000019460000 Uncommon trap: reason=class_check action=maybe_recompile pc=0x0000000003872830 method=java.io.FilterInputStream.read()I @ 4
Event: 4.642 Thread 0x0000000019460000 Uncommon trap: reason=class_check action=maybe_recompile pc=0x0000000003872830 method=java.io.FilterInputStream.read()I @ 4
Event: 4.642 Thread 0x0000000019460000 Uncommon trap: reason=class_check action=maybe_recompile pc=0x0000000003872830 method=java.io.FilterInputStream.read()I @ 4
Event: 4.651 Thread 0x0000000019460000 Uncommon trap: reason=unstable_if action=reinterpret pc=0x000000000398ae4c method=javafx.scene.CssStyleHelper.lookup(Ljavafx/css/Styleable;Ljavafx/css/CssMetaData;Lcom/sun/javafx/css/StyleMap;Ljava/util/Set;Ljavafx/css/Styleable;Lcom/sun/javafx/css/CalculaWnè@
Event: 4.752 Thread 0x0000000019460000 Uncommon trap: reason=unstable_if action=reinterpret pc=0x0000000003820624 method=jdk.internal.org.objectweb.asm.Item.isEqualTo(Ljdk/internal/org/objectweb/asm/Item;)Z @ 331
Event: 4.759 Thread 0x00000000191ea800 Uncommon trap: reason=class_check action=maybe_recompile pc=0x0000000003a71d88 method=sun.reflect.DelegatingMethodAccessorImpl.invoke(Ljava/lang/Object;[Ljava/lang/Object;)Ljava/lang/Object; @ 6

Internal exceptions (10 events):
Event: 0.511 Thread 0x0000000019460000 Exception <a 'java/lang/ArrayIndexOutOfBoundsException'> (0x00000000d76c3218) thrown at [C:\re\workspace\8-2-build-windows-amd64-cygwin\jdk8u60\4407\hotspot\src\share\vm\runtime\sharedRuntime.cpp, line 605]
Event: 0.511 Thread 0x0000000019460000 Exception <a 'java/lang/ArrayIndexOutOfBoundsException'> (0x00000000d76c4228) thrown at [C:\re\workspace\8-2-build-windows-amd64-cygwin\jdk8u60\4407\hotspot\src\share\vm\runtime\sharedRuntime.cpp, line 605]
Event: 0.511 Thread 0x0000000019460000 Exception <a 'java/lang/ArrayIndexOutOfBoundsException'> (0x00000000d76c5f40) thrown at [C:\re\workspace\8-2-build-windows-amd64-cygwin\jdk8u60\4407\hotspot\src\share\vm\runtime\sharedRuntime.cpp, line 605]
Event: 0.536 Thread 0x0000000019460000 Implicit null exception at 0x00000000036fb2f5 to 0x00000000036fb505
Event: 0.558 Thread 0x0000000019460000 Exception <a 'java/lang/ArrayIndexOutOfBoundsException'> (0x00000000d7883d18) thrown at [C:\re\workspace\8-2-build-windows-amd64-cygwin\jdk8u60\4407\hotspot\src\share\vm\runtime\sharedRuntime.cpp, line 605]
Event: 0.559 Thread 0x0000000019460000 Exception <a 'java/lang/ArrayIndexOutOfBoundsException'> (0x00000000d788f328) thrown at [C:\re\workspace\8-2-build-windows-amd64-cygwin\jdk8u60\4407\hotspot\src\share\vm\runtime\sharedRuntime.cpp, line 605]
Event: 0.606 Thread 0x0000000019460000 Exception <a 'java/io/FileNotFoundException'> (0x00000000d7a038c8) thrown at [C:\re\workspace\8-2-build-windows-amd64-cygwin\jdk8u60\4407\hotspot\src\share\vm\prims\jni.cpp, line 709]
Event: 3.254 Thread 0x0000000019460000 Implicit null exception at 0x000000000388521a to 0x0000000003885a19
Event: 4.598 Thread 0x000000001997e000 Exception <a 'sun/nio/fs/WindowsException'> (0x00000000d6c70a48) thrown at [C:\re\workspace\8-2-build-windows-amd64-cygwin\jdk8u60\4407\hotspot\src\share\vm\prims\jni.cpp, line 709]
Event: 6.661 Thread 0x000000001998a000 Exception <a 'java/lang/IllegalStateException'> (0x00000000d5fce9b0) thrown at [C:\re\workspace\8-2-build-windows-amd64-cygwin\jdk8u60\4407\hotspot\src\share\vm\prims\jvm.cpp, line 1390]

Events (10 events):
Event: 6.659 loading class java/util/IdentityHashMap$IdentityHashMapIterator
Event: 6.659 loading class java/util/IdentityHashMap$IdentityHashMapIterator done
Event: 6.659 loading class java/util/IdentityHashMap$KeyIterator done
Event: 6.659 Thread 0x000000001998a000 Thread added: 0x000000001998a000
Event: 6.660 loading class com/sun/javafx/tk/quantum/QuantumRenderer
Event: 6.660 loading class com/sun/javafx/tk/quantum/QuantumRenderer done
Event: 6.660 loading class com/sun/javafx/tk/quantum/QuantumToolkit
Event: 6.660 loading class com/sun/javafx/tk/quantum/QuantumToolkit done
Event: 6.661 Thread 0x000000001998a000 Thread exited: 0x000000001998a000
Event: 6.661 Executing VM operation: Exit


Dynamic libraries:
0x00007ff7f32d0000 - 0x00007ff7f3307000 	C:\Program Files\Java\jdk1.8.0\bin\javaw.exe
0x00007ffbb73e0000 - 0x00007ffbb758c000 	C:\WINDOWS\SYSTEM32\ntdll.dll
0x00007ffbb67f0000 - 0x00007ffbb692e000 	C:\WINDOWS\system32\KERNEL32.DLL
0x00007ffbb47e0000 - 0x00007ffbb48f5000 	C:\WINDOWS\system32\KERNELBASE.dll
0x00007ffbb2930000 - 0x00007ffbb29be000 	C:\WINDOWS\system32\apphelp.dll
0x00007ffba5740000 - 0x00007ffba5793000 	C:\WINDOWS\AppPatch\AppPatch64\AcGenral.DLL
0x00007ffbb6fa0000 - 0x00007ffbb704a000 	C:\WINDOWS\system32\msvcrt.dll
0x00007ffbb43d0000 - 0x00007ffbb43fe000 	C:\WINDOWS\SYSTEM32\SspiCli.dll
0x00007ffbb6f30000 - 0x00007ffbb6f84000 	C:\WINDOWS\system32\SHLWAPI.dll
0x00007ffbb65b0000 - 0x00007ffbb6727000 	C:\WINDOWS\system32\USER32.dll
0x00007ffbb6bd0000 - 0x00007ffbb6d64000 	C:\WINDOWS\system32\ole32.dll
0x00007ffbb4ce0000 - 0x00007ffbb620b000 	C:\WINDOWS\system32\SHELL32.dll
0x00007ffbb3b50000 - 0x00007ffbb3b71000 	C:\WINDOWS\SYSTEM32\USERENV.dll
0x00007ffbb6370000 - 0x00007ffbb641a000 	C:\WINDOWS\system32\ADVAPI32.dll
0x00007ffba2b40000 - 0x00007ffba2b5e000 	C:\WINDOWS\SYSTEM32\MPR.dll
0x00007ffbb6460000 - 0x00007ffbb65a1000 	C:\WINDOWS\system32\RPCRT4.dll
0x00007ffbb6790000 - 0x00007ffbb67e9000 	C:\WINDOWS\SYSTEM32\sechost.dll
0x00007ffbb6930000 - 0x00007ffbb6b41000 	C:\WINDOWS\SYSTEM32\combase.dll
0x00007ffbb6de0000 - 0x00007ffbb6f2f000 	C:\WINDOWS\system32\GDI32.dll
0x00007ffbb4530000 - 0x00007ffbb4545000 	C:\WINDOWS\SYSTEM32\profapi.dll
0x00007ffbb1f20000 - 0x00007ffbb1fd2000 	C:\WINDOWS\SYSTEM32\SHCORE.dll
0x00007ffbb6420000 - 0x00007ffbb6456000 	C:\WINDOWS\system32\IMM32.DLL
0x00007ffbb6210000 - 0x00007ffbb6362000 	C:\WINDOWS\system32\MSCTF.dll
0x00007ffbb0aa0000 - 0x00007ffbb0d1b000 	C:\WINDOWS\WinSxS\amd64_microsoft.windows.common-controls_6595b64144ccf1df_6.0.9600.18006_none_623f33d3ecbe86e8\COMCTL32.dll
0x0000000070dc0000 - 0x0000000070e92000 	C:\Program Files\Java\jdk1.8.0\jre\bin\msvcr100.dll
0x0000000070530000 - 0x0000000070db9000 	C:\Program Files\Java\jdk1.8.0\jre\bin\server\jvm.dll
0x00007ffba6c50000 - 0x00007ffba6c59000 	C:\WINDOWS\SYSTEM32\WSOCK32.dll
0x00007ffbacf80000 - 0x00007ffbacfa2000 	C:\WINDOWS\SYSTEM32\WINMM.dll
0x00007ffbaf6f0000 - 0x00007ffbaf6fa000 	C:\WINDOWS\SYSTEM32\VERSION.dll
0x00007ffbb6b60000 - 0x00007ffbb6b67000 	C:\WINDOWS\system32\PSAPI.DLL
0x00007ffbb6b70000 - 0x00007ffbb6bca000 	C:\WINDOWS\system32\WS2_32.dll
0x00007ffbacf50000 - 0x00007ffbacf7a000 	C:\WINDOWS\SYSTEM32\WINMMBASE.dll
0x00007ffbb4cd0000 - 0x00007ffbb4cd9000 	C:\WINDOWS\system32\NSI.dll
0x00007ffbb49b0000 - 0x00007ffbb49ff000 	C:\WINDOWS\SYSTEM32\cfgmgr32.dll
0x00007ffbb3320000 - 0x00007ffbb3348000 	C:\WINDOWS\SYSTEM32\DEVOBJ.dll
0x0000000070520000 - 0x000000007052f000 	C:\Program Files\Java\jdk1.8.0\jre\bin\verify.dll
0x00000000704f0000 - 0x0000000070519000 	C:\Program Files\Java\jdk1.8.0\jre\bin\java.dll
0x00000000704d0000 - 0x00000000704e6000 	C:\Program Files\Java\jdk1.8.0\jre\bin\zip.dll
0x00007ffba34b0000 - 0x00007ffba359f000 	C:\Program Files\Java\jdk1.8.0\jre\bin\msvcr120.dll
0x00007ffba3400000 - 0x00007ffba34a6000 	C:\Program Files\Java\jdk1.8.0\jre\bin\msvcp120.dll
0x000000006f7e0000 - 0x000000006f803000 	C:\Program Files\Java\jdk1.8.0\jre\bin\prism_d3d.dll
0x00007ffb912b0000 - 0x00007ffb914d1000 	C:\WINDOWS\system32\d3d9.dll
0x00007ffbb1d20000 - 0x00007ffbb1d41000 	C:\WINDOWS\SYSTEM32\dwmapi.dll
0x00007ffbb31a0000 - 0x00007ffbb32c9000 	C:\WINDOWS\system32\uxtheme.dll
0x000000006f790000 - 0x000000006f7d3000 	C:\Program Files\Java\jdk1.8.0\jre\bin\glass.dll
0x00007ffbb4a60000 - 0x00007ffbb4b16000 	C:\WINDOWS\system32\COMDLG32.dll
0x00007ffbb7050000 - 0x00007ffbb7111000 	C:\WINDOWS\system32\OLEAUT32.dll
0x00007ffbac2e0000 - 0x00007ffbac38b000 	C:\Program Files\Common Files\microsoft shared\ink\tiptsf.dll
0x00007ffbb3390000 - 0x00007ffbb339b000 	C:\WINDOWS\SYSTEM32\kernel.appcore.dll
0x00007ffbb4470000 - 0x00007ffbb447b000 	C:\WINDOWS\SYSTEM32\CRYPTBASE.dll
0x00007ffbb4400000 - 0x00007ffbb4463000 	C:\WINDOWS\SYSTEM32\bcryptPrimitives.dll
0x000000006f770000 - 0x000000006f784000 	C:\Program Files\Java\jdk1.8.0\jre\bin\javafx_font.dll
0x00007ffbb0150000 - 0x00007ffbb033c000 	C:\WINDOWS\SYSTEM32\dwrite.dll
0x00007ffbb7120000 - 0x00007ffbb71d6000 	C:\WINDOWS\SYSTEM32\clbcatq.dll
0x00007ffbb2fc0000 - 0x00007ffbb316e000 	C:\WINDOWS\SYSTEM32\WindowsCodecs.dll
0x00007ffbb3e30000 - 0x00007ffbb3e50000 	C:\WINDOWS\SYSTEM32\CRYPTSP.dll
0x00007ffbb3a40000 - 0x00007ffbb3a76000 	C:\WINDOWS\system32\rsaenh.dll
0x00007ffbb40c0000 - 0x00007ffbb40e6000 	C:\WINDOWS\SYSTEM32\bcrypt.dll
0x00007ffba44a0000 - 0x00007ffba44ce000 	C:\Program Files\Common Files\Microsoft Shared\Ink\rtscom.dll
0x00007ffbb00e0000 - 0x00007ffbb014a000 	C:\WINDOWS\SYSTEM32\oleacc.dll
0x000000006f750000 - 0x000000006f761000 	C:\Program Files\Java\jdk1.8.0\jre\bin\prism_common.dll
0x00000000704b0000 - 0x00000000704ca000 	C:\Program Files\Java\jdk1.8.0\jre\bin\net.dll
0x00007ffbb3dd0000 - 0x00007ffbb3e29000 	C:\WINDOWS\system32\mswsock.dll
0x0000000070490000 - 0x00000000704a1000 	C:\Program Files\Java\jdk1.8.0\jre\bin\nio.dll
0x00007ffb908a0000 - 0x00007ffb90a29000 	C:\WINDOWS\SYSTEM32\dbghelp.dll

VM Arguments:
jvm_args: -Dfile.encoding=UTF-8 
java_command: ch.theband.benno.probeplaner.App
java_class_path (initial): C:\Users\benno.bennoCompi\workspace\probeplaner\target\classes;C:\Users\benno.bennoCompi\.m2\repository\com\airhacks\afterburner.fx\1.6.0\afterburner.fx-1.6.0.jar;C:\Users\benno.bennoCompi\.m2\repository\com\h2database\h2\1.4.190\h2-1.4.190.jar;C:\Users\benno.bennoCompi\.m2\repository\com\google\guava\guava\18.0\guava-18.0.jar;C:\Users\benno.bennoCompi\.m2\repository\org\apache\pdfbox\pdfbox\1.8.10\pdfbox-1.8.10.jar;C:\Users\benno.bennoCompi\.m2\repository\org\apache\pdfbox\fontbox\1.8.10\fontbox-1.8.10.jar;C:\Users\benno.bennoCompi\.m2\repository\org\apache\pdfbox\jempbox\1.8.10\jempbox-1.8.10.jar;C:\Users\benno.bennoCompi\.m2\repository\commons-logging\commons-logging\1.1.1\commons-logging-1.1.1.jar
Launcher Type: SUN_STANDARD

Environment Variables:
PATH=C:\ProgramData\Oracle\Java\javapath;C:\Program Files (x86)\Intel\iCLS Client\;C:\Program Files\Intel\iCLS Client\;C:\WINDOWS\system32;C:\WINDOWS;C:\WINDOWS\System32\Wbem;C:\WINDOWS\System32\WindowsPowerShell\v1.0\;C:\Program Files (x86)\Windows Live\Shared;C:\Program Files\Intel\Intel(R) Management Engine Components\DAL;C:\Program Files\Intel\Intel(R) Management Engine Components\IPT;C:\Program Files (x86)\Intel\Intel(R) Management Engine Components\DAL;C:\Program Files (x86)\Intel\Intel(R) Management Engine Components\IPT;C:\Program Files (x86)\Skype\Phone\;C:\Program Files\Intel\WiFi\bin\;C:\Program Files\Common Files\Intel\WirelessCommon\;C:\Program Files\Boot2Docker for Windows;C:\Program Files\Intel\WiFi\bin\;C:\Program Files\Common Files\Intel\WirelessCommon\
USERNAME=benno
OS=Windows_NT
PROCESSOR_IDENTIFIER=Intel64 Family 6 Model 69 Stepping 1, GenuineIntel



---------------  S Y S T E M  ---------------

OS: Windows 8.1 , 64 bit Build 9600 (6.3.9600.17415)

CPU:total 4 (2 cores per cpu, 2 threads per core) family 6 model 69 stepping 1, cmov, cx8, fxsr, mmx, sse, sse2, sse3, ssse3, sse4.1, sse4.2, popcnt, avx, avx2, aes, clmul, erms, lzcnt, ht, tsc, tscinvbit, bmi1, bmi2

Memory: 4k page, physical 8268976k(2936648k free), swap 12656248k(5249580k free)

vm_info: Java HotSpot(TM) 64-Bit Server VM (25.60-b23) for windows-amd64 JRE (1.8.0_60-b27), built on Aug  4 2015 11:06:27 by "java_re" with MS VC++ 10.0 (VS2010)

time: Fri Oct 23 14:41:49 2015
elapsed time: 6 seconds (0d 0h 0m 6s)

