#
# A fatal error has been detected by the Java Runtime Environment:
#
#  EXCEPTION_ACCESS_VIOLATION (0xc0000005) at pc=0x000000006f7b583a, pid=848, tid=8296
#
# JRE version: Java(TM) SE Runtime Environment (8.0_60-b27) (build 1.8.0_60-b27)
# Java VM: Java HotSpot(TM) 64-Bit Server VM (25.60-b23 mixed mode windows-amd64 compressed oops)
# Problematic frame:
# C  [glass.dll+0x2583a]
#
# Failed to write core dump. Minidumps are not enabled by default on client versions of Windows
#
# If you would like to submit a bug report, please visit:
#   http://bugreport.java.com/bugreport/crash.jsp
#

---------------  T H R E A D  ---------------

Current thread (0x0000000017537800):  VMThread [stack: 0x00000000185d0000,0x00000000186d0000] [id=8296]

siginfo: ExceptionCode=0xc0000005, reading address 0x0000000000000000

Registers:
RAX=0x0000000000000000, RBX=0x000000000158d8f8, RCX=0x0000000017537800, RDX=0x000000000158d8f8
RSP=0x00000000186cf070, RBP=0x0000000000f079a0, RSI=0x0000000000000001, RDI=0x0000000000000000
R8 =0x0000000000010002, R9 =0x0000000000f079a0, R10=0x0000000000000000, R11=0x0000000000000286
R12=0x0000000000f079d0, R13=0x0000000000f079a0, R14=0x0000000000f079b0, R15=0x0000000000000000
RIP=0x000000006f7b583a, EFLAGS=0x0000000000010202

Top of Stack: (sp=0x00000000186cf070)
0x00000000186cf070:   0000000000000000 000000006f7b58f0
0x00000000186cf080:   0000000000000000 0000000000000000
0x00000000186cf090:   000000006f7b5820 000000006f7b3214
0x00000000186cf0a0:   000000006f7791a0 0000000075ff834c
0x00000000186cf0b0:   0000000000f079a0 00007ffbb4402d6b
0x00000000186cf0c0:   000000006f7b3374 000000006f790000
0x00000000186cf0d0:   0000000001461628 000000006f7b3496
0x00000000186cf0e0:   0000000000000001 0000000017445400
0x00000000186cf0f0:   0000000000000000 0000000000000000
0x00000000186cf100:   c000000500000001 00000000186ce200
0x00000000186cf110:   0000000000000001 00007ffbb73fc334
0x00000000186cf120:   0000000000000000 000000006f7b3374
0x00000000186cf130:   000000006f790000 0000000000000000
0x00000000186cf140:   00000ab3a3d6e5c6 0000000000f14150
0x00000000186cf150:   00007ffbac2e1600 00007ffbb7510d10
0x00000000186cf160:   00007ffbb7510d10 00007ff7f243c000 

Instructions: (pc=0x000000006f7b583a)
0x000000006f7b581a:   83 c4 20 5d c3 cc 40 53 48 83 ec 20 48 8b 1d db
0x000000006f7b582a:   5b 01 00 48 85 db 74 1a e8 29 93 ff ff 48 8b d3
0x000000006f7b583a:   4c 8b 00 48 8b c8 48 83 c4 20 5b 49 ff a0 b0 00
0x000000006f7b584a:   00 00 48 83 c4 20 5b c3 cc cc cc cc cc cc cc cc 


Register to memory mapping:

RAX=0x0000000000000000 is an unknown value
RBX=0x000000000158d8f8 is a global jni handle
RCX=0x0000000017537800 is an unknown value
RDX=0x000000000158d8f8 is a global jni handle
RSP=0x00000000186cf070 is an unknown value
RBP=0x0000000000f079a0 is an unknown value
RSI=0x0000000000000001 is an unknown value
RDI=0x0000000000000000 is an unknown value
R8 =0x0000000000010002 is an unknown value
R9 =0x0000000000f079a0 is an unknown value
R10=0x0000000000000000 is an unknown value
R11=0x0000000000000286 is an unknown value
R12=0x0000000000f079d0 is an unknown value
R13=0x0000000000f079a0 is an unknown value
R14=0x0000000000f079b0 is an unknown value
R15=0x0000000000000000 is an unknown value


Stack: [0x00000000185d0000,0x00000000186d0000],  sp=0x00000000186cf070,  free space=1020k
Native frames: (J=compiled Java code, j=interpreted, Vv=VM code, C=native code)
C  [glass.dll+0x2583a]
C  [glass.dll+0x23214]
C  [glass.dll+0x23496]
C  [ntdll.dll+0x1c334]
C  [ntdll.dll+0x1b742]
C  [ntdll.dll+0x18448]
C  [KERNEL32.DLL+0x516a]
C  [msvcr100.dll+0x20ccd]
V  [jvm.dll+0x210a25]
V  [jvm.dll+0x249747]
V  [jvm.dll+0x2489e6]
V  [jvm.dll+0x248e81]
V  [jvm.dll+0x24909e]
V  [jvm.dll+0x299f6a]
C  [msvcr100.dll+0x21d9f]
C  [msvcr100.dll+0x21e3b]
C  [KERNEL32.DLL+0x13d2]
C  [ntdll.dll+0x15454]

VM_Operation (0x000000001a37a4d0): Exit, mode: safepoint, requested by thread 0x00000000192ab000


---------------  P R O C E S S  ---------------

Java Threads: ( => current thread )
  0x0000000021de5000 JavaThread "Glass/Prism Shutdown Hook" [_thread_blocked, id=3884, stack(0x0000000022fc0000,0x00000000230c0000)]
  0x000000001bdce000 JavaThread "Prism Font Disposer" daemon [_thread_blocked, id=7604, stack(0x0000000021240000,0x0000000021340000)]
  0x000000001bb17800 JavaThread "Thread-3" daemon [_thread_in_native, id=9056, stack(0x000000001c210000,0x000000001c310000)]
  0x000000001ba70800 JavaThread "JavaFX-Launcher" [_thread_blocked, id=3576, stack(0x000000001c310000,0x000000001c410000)]
  0x00000000192ab000 JavaThread "JavaFX Application Thread" [_thread_blocked, id=8092, stack(0x000000001a280000,0x000000001a380000)]
  0x00000000192a5800 JavaThread "Thread-1" daemon [_thread_blocked, id=8272, stack(0x000000001a180000,0x000000001a280000)]
  0x000000001926c800 JavaThread "QuantumRenderer-0" daemon [_thread_blocked, id=3724, stack(0x00000000194e0000,0x00000000195e0000)]
  0x0000000018f06800 JavaThread "Service Thread" daemon [_thread_blocked, id=8808, stack(0x00000000192e0000,0x00000000193e0000)]
  0x0000000017577000 JavaThread "C1 CompilerThread2" daemon [_thread_blocked, id=9128, stack(0x0000000018de0000,0x0000000018ee0000)]
  0x0000000017570800 JavaThread "C2 CompilerThread1" daemon [_thread_blocked, id=5960, stack(0x0000000018ce0000,0x0000000018de0000)]
  0x000000001756e000 JavaThread "C2 CompilerThread0" daemon [_thread_blocked, id=7720, stack(0x0000000018be0000,0x0000000018ce0000)]
  0x000000001756c800 JavaThread "Attach Listener" daemon [_thread_blocked, id=6316, stack(0x0000000018ae0000,0x0000000018be0000)]
  0x000000001756b800 JavaThread "Signal Dispatcher" daemon [_thread_blocked, id=6324, stack(0x00000000189e0000,0x0000000018ae0000)]
  0x00000000015b7800 JavaThread "Finalizer" daemon [_thread_blocked, id=4836, stack(0x00000000187d0000,0x00000000188d0000)]
  0x0000000017539000 JavaThread "Reference Handler" daemon [_thread_blocked, id=6320, stack(0x00000000186d0000,0x00000000187d0000)]
  0x00000000014c0800 JavaThread "main" [_thread_blocked, id=7836, stack(0x0000000001340000,0x0000000001440000)]

Other Threads:
=>0x0000000017537800 VMThread [stack: 0x00000000185d0000,0x00000000186d0000] [id=8296]

VM state:at safepoint (shutting down)

VM Mutex/Monitor currently owned by a thread:  ([mutex/lock_event])
[0x000000000146cd70] Threads_lock - owner thread: 0x0000000017537800

Heap:
 PSYoungGen      total 38400K, used 6439K [0x00000000d5f00000, 0x00000000d8980000, 0x0000000100000000)
  eden space 33280K, 19% used [0x00000000d5f00000,0x00000000d6549ea0,0x00000000d7f80000)
  from space 5120K, 0% used [0x00000000d8480000,0x00000000d8480000,0x00000000d8980000)
  to   space 5120K, 0% used [0x00000000d7f80000,0x00000000d7f80000,0x00000000d8480000)
 ParOldGen       total 48128K, used 8814K [0x0000000081c00000, 0x0000000084b00000, 0x00000000d5f00000)
  object space 48128K, 18% used [0x0000000081c00000,0x000000008249bb78,0x0000000084b00000)
 Metaspace       used 20158K, capacity 21752K, committed 21888K, reserved 1067008K
  class space    used 3041K, capacity 3359K, committed 3456K, reserved 1048576K

Card table byte_map: [0x0000000001980000,0x0000000001d80000] byte_map_base: 0x0000000001572000

Marking Bits: (ParMarkBitMap*) 0x0000000070d3a5b0
 Begin Bits: [0x00000000128b0000, 0x0000000014840000)
 End Bits:   [0x0000000014840000, 0x00000000167d0000)

Polling page: 0x0000000000e90000

CodeCache: size=245760Kb used=7250Kb max_used=7250Kb free=238509Kb
 bounds [0x0000000003400000, 0x0000000003b20000, 0x0000000012400000]
 total_blobs=3045 nmethods=2365 adapters=592
 compilation: enabled

Compilation events (10 events):
Event: 37.941 Thread 0x0000000017577000 2361       3       java.util.WeakHashMap::newTable (8 bytes)
Event: 37.941 Thread 0x0000000017577000 nmethod 2361 0x0000000003b15b10 code [0x0000000003b15c60, 0x0000000003b15e30]
Event: 37.941 Thread 0x0000000017577000 2362       1       javafx.scene.Scene::access$100 (5 bytes)
Event: 37.942 Thread 0x0000000017577000 nmethod 2362 0x0000000003b15ed0 code [0x0000000003b16020, 0x0000000003b16110]
Event: 37.974 Thread 0x0000000017577000 2363       3       javafx.scene.Node::setScenes (75 bytes)
Event: 37.975 Thread 0x0000000017577000 nmethod 2363 0x0000000003b16190 code [0x0000000003b163c0, 0x0000000003b17268]
Event: 37.975 Thread 0x0000000017577000 2364       3       javafx.beans.property.ReadOnlyObjectWrapper::fireValueChangedEvent (15 bytes)
Event: 37.976 Thread 0x0000000017577000 nmethod 2364 0x0000000003b17910 code [0x0000000003b17aa0, 0x0000000003b17e08]
Event: 37.980 Thread 0x0000000017577000 2365       3       java.util.WeakHashMap$HashIterator::<init> (41 bytes)
Event: 37.980 Thread 0x0000000017577000 nmethod 2365 0x0000000003b17f90 code [0x0000000003b18120, 0x0000000003b18608]

GC Heap History (6 events):
Event: 0.764 GC heap before
{Heap before GC invocations=1 (full 0):
 PSYoungGen      total 38400K, used 33280K [0x00000000d5f00000, 0x00000000d8980000, 0x0000000100000000)
  eden space 33280K, 100% used [0x00000000d5f00000,0x00000000d7f80000,0x00000000d7f80000)
  from space 5120K, 0% used [0x00000000d8480000,0x00000000d8480000,0x00000000d8980000)
  to   space 5120K, 0% used [0x00000000d7f80000,0x00000000d7f80000,0x00000000d8480000)
 ParOldGen       total 87552K, used 0K [0x0000000081c00000, 0x0000000087180000, 0x00000000d5f00000)
  object space 87552K, 0% used [0x0000000081c00000,0x0000000081c00000,0x0000000087180000)
 Metaspace       used 14726K, capacity 15474K, committed 15744K, reserved 1062912K
  class space    used 2136K, capacity 2322K, committed 2432K, reserved 1048576K
Event: 0.769 GC heap after
Heap after GC invocations=1 (full 0):
 PSYoungGen      total 38400K, used 4817K [0x00000000d5f00000, 0x00000000d8980000, 0x0000000100000000)
  eden space 33280K, 0% used [0x00000000d5f00000,0x00000000d5f00000,0x00000000d7f80000)
  from space 5120K, 94% used [0x00000000d7f80000,0x00000000d8434790,0x00000000d8480000)
  to   space 5120K, 0% used [0x00000000d8480000,0x00000000d8480000,0x00000000d8980000)
 ParOldGen       total 87552K, used 80K [0x0000000081c00000, 0x0000000087180000, 0x00000000d5f00000)
  object space 87552K, 0% used [0x0000000081c00000,0x0000000081c14010,0x0000000087180000)
 Metaspace       used 14726K, capacity 15474K, committed 15744K, reserved 1062912K
  class space    used 2136K, capacity 2322K, committed 2432K, reserved 1048576K
}
Event: 26.755 GC heap before
{Heap before GC invocations=2 (full 0):
 PSYoungGen      total 38400K, used 23315K [0x00000000d5f00000, 0x00000000d8980000, 0x0000000100000000)
  eden space 33280K, 55% used [0x00000000d5f00000,0x00000000d71106e0,0x00000000d7f80000)
  from space 5120K, 94% used [0x00000000d7f80000,0x00000000d8434790,0x00000000d8480000)
  to   space 5120K, 0% used [0x00000000d8480000,0x00000000d8480000,0x00000000d8980000)
 ParOldGen       total 87552K, used 80K [0x0000000081c00000, 0x0000000087180000, 0x00000000d5f00000)
  object space 87552K, 0% used [0x0000000081c00000,0x0000000081c14010,0x0000000087180000)
 Metaspace       used 19769K, capacity 21200K, committed 21296K, reserved 1067008K
  class space    used 2995K, capacity 3277K, committed 3328K, reserved 1048576K
Event: 26.767 GC heap after
Heap after GC invocations=2 (full 0):
 PSYoungGen      total 38400K, used 5115K [0x00000000d5f00000, 0x00000000d8980000, 0x0000000100000000)
  eden space 33280K, 0% used [0x00000000d5f00000,0x00000000d5f00000,0x00000000d7f80000)
  from space 5120K, 99% used [0x00000000d8480000,0x00000000d897ecf0,0x00000000d8980000)
  to   space 5120K, 0% used [0x00000000d7f80000,0x00000000d7f80000,0x00000000d8480000)
 ParOldGen       total 87552K, used 4760K [0x0000000081c00000, 0x0000000087180000, 0x00000000d5f00000)
  object space 87552K, 5% used [0x0000000081c00000,0x00000000820a6040,0x0000000087180000)
 Metaspace       used 19769K, capacity 21200K, committed 21296K, reserved 1067008K
  class space    used 2995K, capacity 3277K, committed 3328K, reserved 1048576K
}
Event: 26.767 GC heap before
{Heap before GC invocations=3 (full 1):
 PSYoungGen      total 38400K, used 5115K [0x00000000d5f00000, 0x00000000d8980000, 0x0000000100000000)
  eden space 33280K, 0% used [0x00000000d5f00000,0x00000000d5f00000,0x00000000d7f80000)
  from space 5120K, 99% used [0x00000000d8480000,0x00000000d897ecf0,0x00000000d8980000)
  to   space 5120K, 0% used [0x00000000d7f80000,0x00000000d7f80000,0x00000000d8480000)
 ParOldGen       total 87552K, used 4760K [0x0000000081c00000, 0x0000000087180000, 0x00000000d5f00000)
  object space 87552K, 5% used [0x0000000081c00000,0x00000000820a6040,0x0000000087180000)
 Metaspace       used 19769K, capacity 21200K, committed 21296K, reserved 1067008K
  class space    used 2995K, capacity 3277K, committed 3328K, reserved 1048576K
Event: 26.798 GC heap after
Heap after GC invocations=3 (full 1):
 PSYoungGen      total 38400K, used 0K [0x00000000d5f00000, 0x00000000d8980000, 0x0000000100000000)
  eden space 33280K, 0% used [0x00000000d5f00000,0x00000000d5f00000,0x00000000d7f80000)
  from space 5120K, 0% used [0x00000000d8480000,0x00000000d8480000,0x00000000d8980000)
  to   space 5120K, 0% used [0x00000000d7f80000,0x00000000d7f80000,0x00000000d8480000)
 ParOldGen       total 48128K, used 8814K [0x0000000081c00000, 0x0000000084b00000, 0x00000000d5f00000)
  object space 48128K, 18% used [0x0000000081c00000,0x000000008249bb78,0x0000000084b00000)
 Metaspace       used 19769K, capacity 21200K, committed 21296K, reserved 1067008K
  class space    used 2995K, capacity 3277K, committed 3328K, reserved 1048576K
}

Deoptimization events (10 events):
Event: 3.022 Thread 0x00000000192ab000 Uncommon trap: reason=unstable_if action=reinterpret pc=0x00000000036e63e8 method=jdk.internal.org.objectweb.asm.Type.getArgumentsAndReturnSizes(Ljava/lang/String;)I @ 47
Event: 26.642 Thread 0x000000001bfbf800 Uncommon trap: reason=unstable_if action=reinterpret pc=0x00000000039c4b0c method=java.util.concurrent.ConcurrentHashMap.putVal(Ljava/lang/Object;Ljava/lang/Object;Z)Ljava/lang/Object; @ 181
Event: 26.680 Thread 0x00000000192ab000 Uncommon trap: reason=unstable_if action=reinterpret pc=0x0000000003855120 method=com.sun.javafx.css.BitSet.add(Ljava/lang/Object;)Z @ 91
Event: 26.701 Thread 0x00000000192ab000 Uncommon trap: reason=unstable_if action=reinterpret pc=0x0000000003800d94 method=java.io.ByteArrayInputStream.read()I @ 8
Event: 26.701 Thread 0x00000000192ab000 Uncommon trap: reason=class_check action=maybe_recompile pc=0x0000000003875130 method=java.io.FilterInputStream.read()I @ 4
Event: 26.701 Thread 0x00000000192ab000 Uncommon trap: reason=class_check action=maybe_recompile pc=0x0000000003875130 method=java.io.FilterInputStream.read()I @ 4
Event: 26.701 Thread 0x00000000192ab000 Uncommon trap: reason=class_check action=maybe_recompile pc=0x0000000003875130 method=java.io.FilterInputStream.read()I @ 4
Event: 26.701 Thread 0x00000000192ab000 Uncommon trap: reason=class_check action=maybe_recompile pc=0x0000000003875130 method=java.io.FilterInputStream.read()I @ 4
Event: 26.711 Thread 0x00000000192ab000 Uncommon trap: reason=unstable_if action=reinterpret pc=0x0000000003999f54 method=javafx.scene.CssStyleHelper.lookup(Ljavafx/css/Styleable;Ljavafx/css/CssMetaData;Lcom/sun/javafx/css/StyleMap;Ljava/util/Set;Ljavafx/css/Styleable;Lcom/sun/javafx/css/CalculaôLMLÉ¼:@
Event: 26.737 Thread 0x00000000192ab000 Uncommon trap: reason=unstable_if action=reinterpret pc=0x0000000003836aa4 method=jdk.internal.org.objectweb.asm.Item.isEqualTo(Ljdk/internal/org/objectweb/asm/Item;)Z @ 331

Internal exceptions (10 events):
Event: 0.573 Thread 0x00000000192ab000 Exception <a 'java/lang/ArrayIndexOutOfBoundsException'> (0x00000000d7890db0) thrown at [C:\re\workspace\8-2-build-windows-amd64-cygwin\jdk8u60\4407\hotspot\src\share\vm\runtime\sharedRuntime.cpp, line 605]
Event: 0.574 Thread 0x00000000192ab000 Exception <a 'java/lang/ArrayIndexOutOfBoundsException'> (0x00000000d789c3c0) thrown at [C:\re\workspace\8-2-build-windows-amd64-cygwin\jdk8u60\4407\hotspot\src\share\vm\runtime\sharedRuntime.cpp, line 605]
Event: 0.622 Thread 0x00000000192ab000 Exception <a 'java/io/FileNotFoundException'> (0x00000000d7a115a0) thrown at [C:\re\workspace\8-2-build-windows-amd64-cygwin\jdk8u60\4407\hotspot\src\share\vm\prims\jni.cpp, line 709]
Event: 2.980 Thread 0x00000000192ab000 Implicit null exception at 0x0000000003886d5a to 0x0000000003887559
Event: 26.647 Thread 0x000000001bfbf800 Exception <a 'java/lang/NoSuchMethodError': <clinit>> (0x00000000d6cca540) thrown at [C:\re\workspace\8-2-build-windows-amd64-cygwin\jdk8u60\4407\hotspot\src\share\vm\prims\jni.cpp, line 1591]
Event: 26.652 Thread 0x000000001bfbf800 Exception <a 'java/lang/NoSuchMethodError': <clinit>> (0x00000000d6ce7520) thrown at [C:\re\workspace\8-2-build-windows-amd64-cygwin\jdk8u60\4407\hotspot\src\share\vm\prims\jni.cpp, line 1591]
Event: 26.655 Thread 0x000000001bfbf800 Exception <a 'java/lang/reflect/InvocationTargetException'> (0x00000000d6cfbe30) thrown at [C:\re\workspace\8-2-build-windows-amd64-cygwin\jdk8u60\4407\hotspot\src\share\vm\runtime\reflection.cpp, line 1092]
Event: 26.655 Thread 0x000000001bfbf800 Exception <a 'java/lang/reflect/InvocationTargetException'> (0x00000000d6cfc228) thrown at [C:\re\workspace\8-2-build-windows-amd64-cygwin\jdk8u60\4407\hotspot\src\share\vm\runtime\reflection.cpp, line 1092]
Event: 26.655 Thread 0x000000001bfbf800 Exception <a 'java/lang/reflect/InvocationTargetException'> (0x00000000d6cfc620) thrown at [C:\re\workspace\8-2-build-windows-amd64-cygwin\jdk8u60\4407\hotspot\src\share\vm\runtime\reflection.cpp, line 1092]
Event: 37.981 Thread 0x0000000021de5000 Exception <a 'java/lang/IllegalStateException'> (0x00000000d652ee00) thrown at [C:\re\workspace\8-2-build-windows-amd64-cygwin\jdk8u60\4407\hotspot\src\share\vm\prims\jvm.cpp, line 1390]

Events (10 events):
Event: 37.975 loading class java/util/IdentityHashMap$KeyIterator
Event: 37.975 loading class java/util/IdentityHashMap$IdentityHashMapIterator
Event: 37.975 loading class java/util/IdentityHashMap$IdentityHashMapIterator done
Event: 37.975 loading class java/util/IdentityHashMap$KeyIterator done
Event: 37.975 Thread 0x0000000021de5000 Thread added: 0x0000000021de5000
Event: 37.979 loading class com/sun/javafx/tk/quantum/QuantumRenderer
Event: 37.979 loading class com/sun/javafx/tk/quantum/QuantumRenderer done
Event: 37.980 loading class com/sun/javafx/tk/quantum/QuantumToolkit
Event: 37.980 loading class com/sun/javafx/tk/quantum/QuantumToolkit done
Event: 37.981 Executing VM operation: Exit


Dynamic libraries:
0x00007ff7f32d0000 - 0x00007ff7f3307000 	C:\Program Files\Java\jdk1.8.0\bin\javaw.exe
0x00007ffbb73e0000 - 0x00007ffbb758c000 	C:\WINDOWS\SYSTEM32\ntdll.dll
0x00007ffbb67f0000 - 0x00007ffbb692e000 	C:\WINDOWS\system32\KERNEL32.DLL
0x00007ffbb47e0000 - 0x00007ffbb48f5000 	C:\WINDOWS\system32\KERNELBASE.dll
0x00007ffbb2930000 - 0x00007ffbb29be000 	C:\WINDOWS\system32\apphelp.dll
0x00007ffba5740000 - 0x00007ffba5793000 	C:\WINDOWS\AppPatch\AppPatch64\AcGenral.DLL
0x00007ffbb6fa0000 - 0x00007ffbb704a000 	C:\WINDOWS\system32\msvcrt.dll
0x00007ffbb43d0000 - 0x00007ffbb43fe000 	C:\WINDOWS\SYSTEM32\SspiCli.dll
0x00007ffbb6f30000 - 0x00007ffbb6f84000 	C:\WINDOWS\system32\SHLWAPI.dll
0x00007ffbb65b0000 - 0x00007ffbb6727000 	C:\WINDOWS\system32\USER32.dll
0x00007ffbb6bd0000 - 0x00007ffbb6d64000 	C:\WINDOWS\system32\ole32.dll
0x00007ffbb4ce0000 - 0x00007ffbb620b000 	C:\WINDOWS\system32\SHELL32.dll
0x00007ffbb3b50000 - 0x00007ffbb3b71000 	C:\WINDOWS\SYSTEM32\USERENV.dll
0x00007ffbb6370000 - 0x00007ffbb641a000 	C:\WINDOWS\system32\ADVAPI32.dll
0x00007ffba2b40000 - 0x00007ffba2b5e000 	C:\WINDOWS\SYSTEM32\MPR.dll
0x00007ffbb6460000 - 0x00007ffbb65a1000 	C:\WINDOWS\system32\RPCRT4.dll
0x00007ffbb6790000 - 0x00007ffbb67e9000 	C:\WINDOWS\SYSTEM32\sechost.dll
0x00007ffbb6930000 - 0x00007ffbb6b41000 	C:\WINDOWS\SYSTEM32\combase.dll
0x00007ffbb6de0000 - 0x00007ffbb6f2f000 	C:\WINDOWS\system32\GDI32.dll
0x00007ffbb4530000 - 0x00007ffbb4545000 	C:\WINDOWS\SYSTEM32\profapi.dll
0x00007ffbb1f20000 - 0x00007ffbb1fd2000 	C:\WINDOWS\SYSTEM32\SHCORE.dll
0x00007ffbb6420000 - 0x00007ffbb6456000 	C:\WINDOWS\system32\IMM32.DLL
0x00007ffbb6210000 - 0x00007ffbb6362000 	C:\WINDOWS\system32\MSCTF.dll
0x00007ffbb0aa0000 - 0x00007ffbb0d1b000 	C:\WINDOWS\WinSxS\amd64_microsoft.windows.common-controls_6595b64144ccf1df_6.0.9600.18006_none_623f33d3ecbe86e8\COMCTL32.dll
0x0000000070dc0000 - 0x0000000070e92000 	C:\Program Files\Java\jdk1.8.0\jre\bin\msvcr100.dll
0x0000000070530000 - 0x0000000070db9000 	C:\Program Files\Java\jdk1.8.0\jre\bin\server\jvm.dll
0x00007ffba6c50000 - 0x00007ffba6c59000 	C:\WINDOWS\SYSTEM32\WSOCK32.dll
0x00007ffbacf80000 - 0x00007ffbacfa2000 	C:\WINDOWS\SYSTEM32\WINMM.dll
0x00007ffbaf6f0000 - 0x00007ffbaf6fa000 	C:\WINDOWS\SYSTEM32\VERSION.dll
0x00007ffbb6b60000 - 0x00007ffbb6b67000 	C:\WINDOWS\system32\PSAPI.DLL
0x00007ffbb6b70000 - 0x00007ffbb6bca000 	C:\WINDOWS\system32\WS2_32.dll
0x00007ffbacf50000 - 0x00007ffbacf7a000 	C:\WINDOWS\SYSTEM32\WINMMBASE.dll
0x00007ffbb4cd0000 - 0x00007ffbb4cd9000 	C:\WINDOWS\system32\NSI.dll
0x00007ffbb49b0000 - 0x00007ffbb49ff000 	C:\WINDOWS\SYSTEM32\cfgmgr32.dll
0x00007ffbb3320000 - 0x00007ffbb3348000 	C:\WINDOWS\SYSTEM32\DEVOBJ.dll
0x0000000070520000 - 0x000000007052f000 	C:\Program Files\Java\jdk1.8.0\jre\bin\verify.dll
0x00000000704f0000 - 0x0000000070519000 	C:\Program Files\Java\jdk1.8.0\jre\bin\java.dll
0x00000000704d0000 - 0x00000000704e6000 	C:\Program Files\Java\jdk1.8.0\jre\bin\zip.dll
0x00007ffba36a0000 - 0x00007ffba378f000 	C:\Program Files\Java\jdk1.8.0\jre\bin\msvcr120.dll
0x00007ffba34f0000 - 0x00007ffba3596000 	C:\Program Files\Java\jdk1.8.0\jre\bin\msvcp120.dll
0x000000006f7e0000 - 0x000000006f803000 	C:\Program Files\Java\jdk1.8.0\jre\bin\prism_d3d.dll
0x00007ffb912b0000 - 0x00007ffb914d1000 	C:\WINDOWS\system32\d3d9.dll
0x00007ffbb1d20000 - 0x00007ffbb1d41000 	C:\WINDOWS\SYSTEM32\dwmapi.dll
0x00007ffbb31a0000 - 0x00007ffbb32c9000 	C:\WINDOWS\system32\uxtheme.dll
0x000000006f790000 - 0x000000006f7d3000 	C:\Program Files\Java\jdk1.8.0\jre\bin\glass.dll
0x00007ffbb4a60000 - 0x00007ffbb4b16000 	C:\WINDOWS\system32\COMDLG32.dll
0x00007ffbb7050000 - 0x00007ffbb7111000 	C:\WINDOWS\system32\OLEAUT32.dll
0x00007ffbac2e0000 - 0x00007ffbac38b000 	C:\Program Files\Common Files\microsoft shared\ink\tiptsf.dll
0x00007ffbb3390000 - 0x00007ffbb339b000 	C:\WINDOWS\SYSTEM32\kernel.appcore.dll
0x00007ffbb4470000 - 0x00007ffbb447b000 	C:\WINDOWS\SYSTEM32\CRYPTBASE.dll
0x00007ffbb4400000 - 0x00007ffbb4463000 	C:\WINDOWS\SYSTEM32\bcryptPrimitives.dll
0x000000006f770000 - 0x000000006f784000 	C:\Program Files\Java\jdk1.8.0\jre\bin\javafx_font.dll
0x00007ffbb0150000 - 0x00007ffbb033c000 	C:\WINDOWS\SYSTEM32\dwrite.dll
0x00007ffbb7120000 - 0x00007ffbb71d6000 	C:\WINDOWS\SYSTEM32\clbcatq.dll
0x00007ffbb2fc0000 - 0x00007ffbb316e000 	C:\WINDOWS\SYSTEM32\WindowsCodecs.dll
0x00007ffbb3e30000 - 0x00007ffbb3e50000 	C:\WINDOWS\SYSTEM32\CRYPTSP.dll
0x00007ffbb3a40000 - 0x00007ffbb3a76000 	C:\WINDOWS\system32\rsaenh.dll
0x00007ffbb40c0000 - 0x00007ffbb40e6000 	C:\WINDOWS\SYSTEM32\bcrypt.dll
0x00007ffba44a0000 - 0x00007ffba44ce000 	C:\Program Files\Common Files\Microsoft Shared\Ink\rtscom.dll
0x00007ffbb00e0000 - 0x00007ffbb014a000 	C:\WINDOWS\SYSTEM32\oleacc.dll
0x000000006f750000 - 0x000000006f761000 	C:\Program Files\Java\jdk1.8.0\jre\bin\prism_common.dll
0x00007ffbafab0000 - 0x00007ffbafc2f000 	C:\WINDOWS\SYSTEM32\PROPSYS.dll
0x00007ffbac490000 - 0x00007ffbac49f000 	C:\WINDOWS\SYSTEM32\atlthunk.dll
0x00007ffba1250000 - 0x00007ffba154b000 	C:\WINDOWS\system32\explorerframe.dll
0x00007ffbb05b0000 - 0x00007ffbb0654000 	C:\WINDOWS\system32\DUser.dll
0x00007ffbb1d50000 - 0x00007ffbb1f11000 	C:\WINDOWS\system32\DUI70.dll
0x00007ffba33c0000 - 0x00007ffba34eb000 	C:\Windows\System32\Windows.Globalization.dll
0x00007ffbb04a0000 - 0x00007ffbb0506000 	C:\Windows\System32\Bcp47Langs.dll
0x00007ffba4890000 - 0x00007ffba48bc000 	C:\WINDOWS\SYSTEM32\globinputhost.dll
0x00007ffbaf160000 - 0x00007ffbaf199000 	C:\WINDOWS\system32\xmllite.dll
0x00007ffbace10000 - 0x00007ffbacf45000 	C:\Windows\System32\uiautomationcore.dll
0x00007ffbb4480000 - 0x00007ffbb4519000 	C:\WINDOWS\SYSTEM32\sxs.dll
0x00007ffbafea0000 - 0x00007ffbaff5c000 	C:\WINDOWS\System32\StructuredQuery.dll
0x00007ffba15a0000 - 0x00007ffba1863000 	C:\Windows\System32\actxprxy.dll
0x00007ffba2b30000 - 0x00007ffba2b3b000 	C:\WINDOWS\System32\drprov.dll
0x00007ffbb3790000 - 0x00007ffbb37ea000 	C:\WINDOWS\System32\WINSTA.dll
0x00007ffba2b10000 - 0x00007ffba2b27000 	C:\WINDOWS\System32\ntlanman.dll
0x00007ffba2af0000 - 0x00007ffba2b0f000 	C:\WINDOWS\System32\davclnt.dll
0x00007ffba2ae0000 - 0x00007ffba2aec000 	C:\WINDOWS\System32\DAVHLPR.dll
0x00007ffbb2ae0000 - 0x00007ffbb2af7000 	C:\WINDOWS\System32\wkscli.dll
0x00007ffba4e10000 - 0x00007ffba4e22000 	C:\WINDOWS\SYSTEM32\cscapi.dll
0x00007ffbb3980000 - 0x00007ffbb398c000 	C:\WINDOWS\System32\netutils.dll
0x00007ffbb71e0000 - 0x00007ffbb73ba000 	C:\WINDOWS\system32\SETUPAPI.dll
0x00007ffba0b70000 - 0x00007ffba0b9e000 	C:\Windows\System32\thumbcache.dll
0x00007ffb9c320000 - 0x00007ffb9c39b000 	C:\Windows\System32\dlnashext.dll
0x00007ffba4500000 - 0x00007ffba454e000 	C:\Windows\System32\PlayToDevice.dll
0x00007ffba4470000 - 0x00007ffba448e000 	C:\Windows\System32\DevDispItemProvider.dll
0x00007ffb9da30000 - 0x00007ffb9da39000 	C:\WINDOWS\system32\IconCodecService.dll
0x00007ffbaf870000 - 0x00007ffbaf924000 	C:\Windows\System32\PortableDeviceApi.dll
0x00007ffbb4a00000 - 0x00007ffbb4a51000 	C:\WINDOWS\system32\WINTRUST.dll
0x00007ffbb4600000 - 0x00007ffbb47df000 	C:\WINDOWS\system32\CRYPT32.dll
0x00007ffbb45e0000 - 0x00007ffbb45f1000 	C:\WINDOWS\system32\MSASN1.dll
0x00007ffba45f0000 - 0x00007ffba4627000 	C:\Windows\System32\EhStorShell.dll
0x00007ffba4570000 - 0x00007ffba4596000 	C:\Windows\System32\EhStorAPI.dll
0x00007ffbb28f0000 - 0x00007ffbb2902000 	C:\Windows\System32\WTSAPI32.dll
0x00007ffbabe70000 - 0x00007ffbabfac000 	C:\WINDOWS\system32\SearchFolder.dll
0x00007ffbae5c0000 - 0x00007ffbae5e8000 	C:\WINDOWS\System32\IDStore.dll
0x00007ffbac5a0000 - 0x00007ffbac669000 	C:\Windows\System32\twinapi.dll
0x00007ffba1870000 - 0x00007ffba1910000 	C:\Windows\System32\twinapi.appcore.dll
0x00007ffbaf930000 - 0x00007ffbaf94f000 	C:\WINDOWS\System32\SAMLIB.dll
0x00007ffba0ba0000 - 0x00007ffba0c19000 	C:\WINDOWS\System32\wlidprov.dll
0x00007ffbb0070000 - 0x00007ffbb00e0000 	C:\WINDOWS\System32\provsvc.dll
0x00007ffb9eb10000 - 0x00007ffb9ebd0000 	C:\Program Files (x86)\Google\Drive\googledrivesync64.dll
0x0000000071c90000 - 0x0000000071d63000 	C:\WINDOWS\WinSxS\amd64_microsoft.vc90.crt_1fc8b3b9a1e18e3b_9.0.30729.8387_none_08e793bfa83a89b5\MSVCP90.dll
0x0000000071be0000 - 0x0000000071c83000 	C:\WINDOWS\WinSxS\amd64_microsoft.vc90.crt_1fc8b3b9a1e18e3b_9.0.30729.8387_none_08e793bfa83a89b5\MSVCR90.dll
0x00007ffba4970000 - 0x00007ffba49ab000 	C:\Program Files (x86)\Dropbox\Client\DropboxExt64.28.dll
0x00007ffb9fc40000 - 0x00007ffb9fc65000 	C:\WINDOWS\system32\mssprxy.dll
0x00007ffb8fcb0000 - 0x00007ffb8fe1d000 	C:\Program Files (x86)\ASUS\WebStorage Sync Agent\1.1.18.159\ASUSWSShellExt64.dll
0x00007ffba0a30000 - 0x00007ffba0a3d000 	C:\WINDOWS\SYSTEM32\LINKINFO.dll
0x00007ffba8a90000 - 0x00007ffba8c15000 	C:\Windows\System32\urlmon.dll
0x00007ffba87c0000 - 0x00007ffba8a87000 	C:\Windows\System32\iertutil.dll
0x00007ffba8550000 - 0x00007ffba87b9000 	C:\Windows\System32\WININET.dll
0x00007ffbae310000 - 0x00007ffbae31c000 	C:\WINDOWS\SYSTEM32\Secur32.dll
0x00007ffb9ebd0000 - 0x00007ffb9ed6d000 	C:\WINDOWS\system32\NetworkExplorer.dll
0x00007ffb9fb40000 - 0x00007ffb9fbfa000 	C:\WINDOWS\SYSTEM32\ntshrui.dll
0x00007ffbb41e0000 - 0x00007ffbb4206000 	C:\WINDOWS\SYSTEM32\srvcli.dll
0x00007ffba3630000 - 0x00007ffba369f000 	C:\WINDOWS\system32\zipfldr.dll
0x00000000704b0000 - 0x00000000704ca000 	C:\Program Files\Java\jdk1.8.0\jre\bin\net.dll
0x00007ffbb3dd0000 - 0x00007ffbb3e29000 	C:\WINDOWS\system32\mswsock.dll
0x0000000070490000 - 0x00000000704a1000 	C:\Program Files\Java\jdk1.8.0\jre\bin\nio.dll
0x00007ffb908a0000 - 0x00007ffb90a29000 	C:\WINDOWS\SYSTEM32\dbghelp.dll

VM Arguments:
jvm_args: -Dfile.encoding=UTF-8 
java_command: ch.theband.benno.probeplaner.App
java_class_path (initial): C:\Users\benno.bennoCompi\workspace\probeplaner\target\classes;C:\Users\benno.bennoCompi\.m2\repository\com\airhacks\afterburner.fx\1.6.0\afterburner.fx-1.6.0.jar;C:\Users\benno.bennoCompi\.m2\repository\com\h2database\h2\1.4.190\h2-1.4.190.jar;C:\Users\benno.bennoCompi\.m2\repository\com\google\guava\guava\18.0\guava-18.0.jar;C:\Users\benno.bennoCompi\.m2\repository\org\apache\pdfbox\pdfbox\1.8.10\pdfbox-1.8.10.jar;C:\Users\benno.bennoCompi\.m2\repository\org\apache\pdfbox\fontbox\1.8.10\fontbox-1.8.10.jar;C:\Users\benno.bennoCompi\.m2\repository\org\apache\pdfbox\jempbox\1.8.10\jempbox-1.8.10.jar;C:\Users\benno.bennoCompi\.m2\repository\commons-logging\commons-logging\1.1.1\commons-logging-1.1.1.jar
Launcher Type: SUN_STANDARD

Environment Variables:
PATH=C:\ProgramData\Oracle\Java\javapath;C:\Program Files (x86)\Intel\iCLS Client\;C:\Program Files\Intel\iCLS Client\;C:\WINDOWS\system32;C:\WINDOWS;C:\WINDOWS\System32\Wbem;C:\WINDOWS\System32\WindowsPowerShell\v1.0\;C:\Program Files (x86)\Windows Live\Shared;C:\Program Files\Intel\Intel(R) Management Engine Components\DAL;C:\Program Files\Intel\Intel(R) Management Engine Components\IPT;C:\Program Files (x86)\Intel\Intel(R) Management Engine Components\DAL;C:\Program Files (x86)\Intel\Intel(R) Management Engine Components\IPT;C:\Program Files (x86)\Skype\Phone\;C:\Program Files\Intel\WiFi\bin\;C:\Program Files\Common Files\Intel\WirelessCommon\;C:\Program Files\Boot2Docker for Windows;C:\Program Files\Intel\WiFi\bin\;C:\Program Files\Common Files\Intel\WirelessCommon\
USERNAME=benno
OS=Windows_NT
PROCESSOR_IDENTIFIER=Intel64 Family 6 Model 69 Stepping 1, GenuineIntel



---------------  S Y S T E M  ---------------

OS: Windows 8.1 , 64 bit Build 9600 (6.3.9600.17415)

CPU:total 4 (2 cores per cpu, 2 threads per core) family 6 model 69 stepping 1, cmov, cx8, fxsr, mmx, sse, sse2, sse3, ssse3, sse4.1, sse4.2, popcnt, avx, avx2, aes, clmul, erms, lzcnt, ht, tsc, tscinvbit, bmi1, bmi2

Memory: 4k page, physical 8268976k(2563612k free), swap 11279992k(3017692k free)

vm_info: Java HotSpot(TM) 64-Bit Server VM (25.60-b23) for windows-amd64 JRE (1.8.0_60-b27), built on Aug  4 2015 11:06:27 by "java_re" with MS VC++ 10.0 (VS2010)

time: Fri Oct 23 15:14:36 2015
elapsed time: 38 seconds (0d 0h 0m 38s)

